"../../../Engine/Content/EngineMaterials/T_Default_Material_Grid_M.ubulk" 0
"../../../Engine/Content/EngineMaterials/T_Default_Material_Grid_M.uasset" 1
"../../../Engine/Content/EngineMaterials/T_Default_Material_Grid_M.uexp" 2
"../../../Engine/Content/EngineMaterials/T_Default_Material_Grid_N.ubulk" 3
"../../../Engine/Content/EngineMaterials/T_Default_Material_Grid_N.uasset" 4
"../../../Engine/Content/EngineMaterials/T_Default_Material_Grid_N.uexp" 5
"../../../Engine/Content/Functions/Engine_MaterialFunctions01/Opacity/CameraDepthFade.uasset" 6
"../../../Engine/Content/Functions/Engine_MaterialFunctions01/Opacity/CameraDepthFade.uexp" 7
"../../../Engine/Content/EngineMaterials/WorldGridMaterial.uasset" 8
"../../../Engine/Content/EngineMaterials/WorldGridMaterial.uexp" 9
"../../../Engine/Content/BasicShapes/Plane.uasset" 10
"../../../Engine/Content/BasicShapes/Plane.uexp" 11
"../../../Engine/Content/BasicShapes/Cube.uasset" 12
"../../../Engine/Content/BasicShapes/Cube.uexp" 13
"../../../Engine/Content/EngineMaterials/DefaultMaterial.uasset" 14
"../../../Engine/Content/EngineMaterials/DefaultMaterial.uexp" 15
"../../../Engine/Content/BasicShapes/Cone.uasset" 16
"../../../Engine/Content/BasicShapes/Cone.uexp" 17
"../../../Engine/Content/ArtTools/RenderToTexture/Meshes/S_1_Unit_Plane.uasset" 18
"../../../Engine/Content/ArtTools/RenderToTexture/Meshes/S_1_Unit_Plane.uexp" 19
"../../../Engine/Content/EngineMeshes/Sphere.uasset" 20
"../../../Engine/Content/EngineMeshes/Sphere.uexp" 21
"../../../Engine/Content/Functions/Engine_MaterialFunctions01/Shading/PowerToRoughness.uasset" 22
"../../../Engine/Content/Functions/Engine_MaterialFunctions01/Shading/PowerToRoughness.uexp" 23
"../../../Engine/Content/Functions/Engine_MaterialFunctions01/Shading/ConvertFromDiffSpec.uasset" 24
"../../../Engine/Content/Functions/Engine_MaterialFunctions01/Shading/ConvertFromDiffSpec.uexp" 25
"../../../Engine/Content/EngineSounds/Master.uasset" 26
"../../../Engine/Content/EngineSounds/Master.uexp" 27
"../../../Engine/Content/EngineSky/VolumetricClouds/CloudWeatherTexture.uasset" 28
"../../../Engine/Content/EngineSky/VolumetricClouds/CloudWeatherTexture.uexp" 29
"../../../Engine/Content/Functions/Engine_MaterialFunctions02/Utility/MakeFloat2.uasset" 30
"../../../Engine/Content/Functions/Engine_MaterialFunctions02/Utility/MakeFloat2.uexp" 31
"../../../Engine/Content/EngineSky/VolumetricClouds/CloudGradientTexture.uasset" 32
"../../../Engine/Content/EngineSky/VolumetricClouds/CloudGradientTexture.uexp" 33
"../../../Engine/Content/EngineSky/VolumetricClouds/T_NoiseShape64.ubulk" 34
"../../../Engine/Content/EngineSky/VolumetricClouds/T_NoiseShape64.uasset" 35
"../../../Engine/Content/EngineSky/VolumetricClouds/T_NoiseShape64.uexp" 36
"../../../Engine/Content/EngineSky/VolumetricClouds/T_VolumeNoiseShape64.uasset" 37
"../../../Engine/Content/EngineSky/VolumetricClouds/T_VolumeNoiseShape64.uexp" 38
"../../../Engine/Content/EngineSky/VolumetricClouds/T_NoiseErosion.ubulk" 39
"../../../Engine/Content/EngineSky/VolumetricClouds/T_NoiseErosion.uasset" 40
"../../../Engine/Content/EngineSky/VolumetricClouds/T_NoiseErosion.uexp" 41
"../../../Engine/Content/EngineSky/VolumetricClouds/T_VolumeNoiseErosion32.uasset" 42
"../../../Engine/Content/EngineSky/VolumetricClouds/T_VolumeNoiseErosion32.uexp" 43
"../../../Engine/Content/EngineSky/VolumetricClouds/m_SimpleVolumetricCloud.uasset" 44
"../../../Engine/Content/EngineSky/VolumetricClouds/m_SimpleVolumetricCloud.uexp" 45
"../../../Engine/Content/EngineSky/VolumetricClouds/m_SimpleVolumetricCloud_Inst.uasset" 46
"../../../Engine/Content/EngineSky/VolumetricClouds/m_SimpleVolumetricCloud_Inst.uexp" 47
"../../../Engine/Content/EngineResources/GradientTexture0.uasset" 48
"../../../Engine/Content/EngineResources/GradientTexture0.uexp" 49
"../../../Engine/Content/EngineResources/DefaultVolumeTexture2D.uasset" 50
"../../../Engine/Content/EngineResources/DefaultVolumeTexture2D.uexp" 51
"../../../Engine/Content/EngineResources/DefaultVolumeTexture.uasset" 52
"../../../Engine/Content/EngineResources/DefaultVolumeTexture.uexp" 53
"../../../Engine/Content/EngineResources/DefaultTextureCube.uasset" 54
"../../../Engine/Content/EngineResources/DefaultTextureCube.uexp" 55
"../../../Engine/Content/EngineResources/DefaultTexture.ubulk" 56
"../../../Engine/Content/EngineResources/DefaultTexture.uasset" 57
"../../../Engine/Content/EngineResources/DefaultTexture.uexp" 58
"../../../Engine/Content/EngineResources/FilmGrains/Marcie_Grain_v3_128_M2_000.uasset" 59
"../../../Engine/Content/EngineResources/FilmGrains/Marcie_Grain_v3_128_M2_000.uexp" 60
"../../../Engine/Content/EngineResources/WhiteSquareTexture.uasset" 61
"../../../Engine/Content/EngineResources/WhiteSquareTexture.uexp" 62
"../../../Engine/Content/EngineMaterials/Widget3DPassThrough.uasset" 63
"../../../Engine/Content/EngineMaterials/Widget3DPassThrough.uexp" 64
"../../../Engine/Content/EngineMaterials/Widget3DPassThrough_Translucent.uasset" 65
"../../../Engine/Content/EngineMaterials/Widget3DPassThrough_Translucent.uexp" 66
"../../../Engine/Content/EngineMaterials/Widget3DPassThrough_Translucent_OneSided.uasset" 67
"../../../Engine/Content/EngineMaterials/Widget3DPassThrough_Translucent_OneSided.uexp" 68
"../../../Engine/Content/EngineMaterials/Widget3DPassThrough_Opaque.uasset" 69
"../../../Engine/Content/EngineMaterials/Widget3DPassThrough_Opaque.uexp" 70
"../../../Engine/Content/EngineMaterials/Widget3DPassThrough_Opaque_OneSided.uasset" 71
"../../../Engine/Content/EngineMaterials/Widget3DPassThrough_Opaque_OneSided.uexp" 72
"../../../Engine/Content/EngineMaterials/Widget3DPassThrough_Masked_OneSided.uasset" 73
"../../../Engine/Content/EngineMaterials/Widget3DPassThrough_Masked_OneSided.uexp" 74
"../../../Engine/Content/EngineMaterials/Widget3DPassThrough_Masked.uasset" 75
"../../../Engine/Content/EngineMaterials/Widget3DPassThrough_Masked.uexp" 76
"../../../Engine/Content/EngineMaterials/WeightMapPlaceholderTexture.uasset" 77
"../../../Engine/Content/EngineMaterials/WeightMapPlaceholderTexture.uexp" 78
"../../../Engine/Content/EngineMaterials/RemoveSurfaceMaterial.uasset" 79
"../../../Engine/Content/EngineMaterials/RemoveSurfaceMaterial.uexp" 80
"../../../Engine/Content/EngineMaterials/PreintegratedSkinBRDF.uasset" 81
"../../../Engine/Content/EngineMaterials/PreintegratedSkinBRDF.uexp" 82
"../../../Engine/Content/Functions/Engine_MaterialFunctions02/WorldPositionOffset/CameraOffset.uasset" 83
"../../../Engine/Content/Functions/Engine_MaterialFunctions02/WorldPositionOffset/CameraOffset.uexp" 84
"../../../Engine/Content/EngineMaterials/PhAT_JointLimitMaterial.uasset" 85
"../../../Engine/Content/EngineMaterials/PhAT_JointLimitMaterial.uexp" 86
"../../../Engine/Content/EngineMaterials/InvalidLightmapSettings.ubulk" 87
"../../../Engine/Content/EngineMaterials/InvalidLightmapSettings.uasset" 88
"../../../Engine/Content/EngineMaterials/InvalidLightmapSettings.uexp" 89
"../../../Engine/Content/EngineMaterials/M_InvalidLightmapSettings.uasset" 90
"../../../Engine/Content/EngineMaterials/M_InvalidLightmapSettings.uexp" 91
"../../../Engine/Content/EngineMaterials/MiniFont.uasset" 92
"../../../Engine/Content/EngineMaterials/MiniFont.uexp" 93
"../../../Engine/Content/EngineMaterials/GizmoMaterial.uasset" 94
"../../../Engine/Content/EngineMaterials/GizmoMaterial.uexp" 95
"../../../Engine/Content/EngineMaterials/BaseFlattenEmissiveMap_VT.uasset" 96
"../../../Engine/Content/EngineMaterials/BaseFlattenEmissiveMap_VT.uexp" 97
"../../../Engine/Content/EngineMaterials/BaseFlattenGrayscaleMap_VT.uasset" 98
"../../../Engine/Content/EngineMaterials/BaseFlattenGrayscaleMap_VT.uexp" 99
"../../../Engine/Content/EngineMaterials/BaseFlattenLinearColor_VT.uasset" 100
"../../../Engine/Content/EngineMaterials/BaseFlattenLinearColor_VT.uexp" 101
"../../../Engine/Content/EngineMaterials/Black_1x1_EXR_Texture_VT.uasset" 102
"../../../Engine/Content/EngineMaterials/Black_1x1_EXR_Texture_VT.uexp" 103
"../../../Engine/Content/EngineMaterials/BaseFlattenDiffuseMap_VT.uasset" 104
"../../../Engine/Content/EngineMaterials/BaseFlattenDiffuseMap_VT.uexp" 105
"../../../Engine/Content/EngineMaterials/BaseFlattenNormalMap_VT.uasset" 106
"../../../Engine/Content/EngineMaterials/BaseFlattenNormalMap_VT.uexp" 107
"../../../Engine/Content/EngineMaterials/FlattenMaterial_WS_Normal_VT.uasset" 108
"../../../Engine/Content/EngineMaterials/FlattenMaterial_WS_Normal_VT.uexp" 109
"../../../Engine/Content/EngineMaterials/FlattenMaterial_VT.uasset" 110
"../../../Engine/Content/EngineMaterials/FlattenMaterial_VT.uexp" 111
"../../../Engine/Content/EngineMaterials/BaseFlattenNormalMap.uasset" 112
"../../../Engine/Content/EngineMaterials/BaseFlattenNormalMap.uexp" 113
"../../../Engine/Content/EngineMaterials/BaseFlattenGrayscaleMap.uasset" 114
"../../../Engine/Content/EngineMaterials/BaseFlattenGrayscaleMap.uexp" 115
"../../../Engine/Content/EngineMaterials/BaseFlattenDiffuseMap.uasset" 116
"../../../Engine/Content/EngineMaterials/BaseFlattenDiffuseMap.uexp" 117
"../../../Engine/Content/Functions/Engine_MaterialFunctions02/PivotPainter2/Black_1x1_EXR_Texture.uasset" 118
"../../../Engine/Content/Functions/Engine_MaterialFunctions02/PivotPainter2/Black_1x1_EXR_Texture.uexp" 119
"../../../Engine/Content/EngineMaterials/BaseFlattenEmissiveMap.uasset" 120
"../../../Engine/Content/EngineMaterials/BaseFlattenEmissiveMap.uexp" 121
"../../../Engine/Content/EngineMaterials/BaseFlattenLinearColor.uasset" 122
"../../../Engine/Content/EngineMaterials/BaseFlattenLinearColor.uexp" 123
"../../../Engine/Content/EngineMaterials/FlattenMaterial.uasset" 124
"../../../Engine/Content/EngineMaterials/FlattenMaterial.uexp" 125
"../../../Engine/Content/EngineMaterials/DefaultWhiteGrid_Low.uasset" 126
"../../../Engine/Content/EngineMaterials/DefaultWhiteGrid_Low.uexp" 127
"../../../Engine/Content/EngineMaterials/EmissiveMeshMaterial.uasset" 128
"../../../Engine/Content/EngineMaterials/EmissiveMeshMaterial.uexp" 129
"../../../Engine/Content/EngineMaterials/DefaultWhiteGrid.ubulk" 130
"../../../Engine/Content/EngineMaterials/DefaultWhiteGrid.uasset" 131
"../../../Engine/Content/EngineMaterials/DefaultWhiteGrid.uexp" 132
"../../../Engine/Content/EngineFonts/RobotoDistanceField.uasset" 133
"../../../Engine/Content/EngineFonts/RobotoDistanceField.uexp" 134
"../../../Engine/Content/EngineMaterials/DefaultTextMaterialOpaque.uasset" 135
"../../../Engine/Content/EngineMaterials/DefaultTextMaterialOpaque.uexp" 136
"../../../Engine/Content/EngineMaterials/DefaultDiffuse.ubulk" 137
"../../../Engine/Content/EngineMaterials/DefaultDiffuse.uasset" 138
"../../../Engine/Content/EngineMaterials/DefaultDiffuse.uexp" 139
"../../../Engine/Content/Functions/Engine_MaterialFunctions02/Utility/BreakOutFloat2Components.uasset" 140
"../../../Engine/Content/Functions/Engine_MaterialFunctions02/Utility/BreakOutFloat2Components.uexp" 141
"../../../Engine/Content/EngineMaterials/DefaultPostProcessMaterial.uasset" 142
"../../../Engine/Content/EngineMaterials/DefaultPostProcessMaterial.uexp" 143
"../../../Engine/Content/EngineMaterials/DefaultPhysicalMaterial.uasset" 144
"../../../Engine/Content/EngineMaterials/DefaultPhysicalMaterial.uexp" 145
"../../../Engine/Content/EngineMaterials/DefaultLightFunctionMaterial.uasset" 146
"../../../Engine/Content/EngineMaterials/DefaultLightFunctionMaterial.uexp" 147
"../../../Engine/Content/EngineMaterials/DefaultDestructiblePhysicalMaterial.uasset" 148
"../../../Engine/Content/EngineMaterials/DefaultDestructiblePhysicalMaterial.uexp" 149
"../../../Engine/Content/EngineMaterials/DefaultDeferredDecalMaterial.uasset" 150
"../../../Engine/Content/EngineMaterials/DefaultDeferredDecalMaterial.uexp" 151
"../../../Engine/Content/EngineMaterials/DefaultBokeh.uasset" 152
"../../../Engine/Content/EngineMaterials/DefaultBokeh.uexp" 153
"../../../Engine/Content/EngineMaterials/DefaultBloomKernel.uasset" 154
"../../../Engine/Content/EngineMaterials/DefaultBloomKernel.uexp" 155
"../../../Engine/Content/EngineMaterials/BlueNoise.uasset" 156
"../../../Engine/Content/EngineMaterials/BlueNoise.uexp" 157
"../../../Engine/Content/EngineFonts/Faces/RobotoLight.uexp" 158
"../../../Engine/Content/EngineFonts/Faces/RobotoLight.uasset" 159
"../../../Engine/Content/EngineFonts/Faces/RobotoLight.ufont" 160
"../../../Engine/Content/EngineFonts/Faces/RobotoBold.uexp" 161
"../../../Engine/Content/EngineFonts/Faces/RobotoBold.uasset" 162
"../../../Engine/Content/EngineFonts/Faces/RobotoBold.ufont" 163
"../../../Engine/Content/EngineFonts/Faces/RobotoRegular.uexp" 164
"../../../Engine/Content/EngineFonts/Faces/RobotoRegular.uasset" 165
"../../../Engine/Content/EngineFonts/Faces/RobotoRegular.ufont" 166
"../../../Engine/Content/EngineFonts/Faces/DroidSansFallback.uexp" 167
"../../../Engine/Content/EngineFonts/Faces/DroidSansFallback.uasset" 168
"../../../Engine/Content/EngineFonts/Faces/DroidSansFallback.ufont" 169
"../../../Engine/Content/EngineFonts/Faces/RobotoItalic.uexp" 170
"../../../Engine/Content/EngineFonts/Faces/RobotoItalic.uasset" 171
"../../../Engine/Content/EngineFonts/Faces/RobotoItalic.ufont" 172
"../../../Engine/Content/EngineFonts/Faces/RobotoBoldItalic.uexp" 173
"../../../Engine/Content/EngineFonts/Faces/RobotoBoldItalic.uasset" 174
"../../../Engine/Content/EngineFonts/Faces/RobotoBoldItalic.ufont" 175
"../../../Engine/Content/EngineFonts/Roboto.uasset" 176
"../../../Engine/Content/EngineFonts/Roboto.uexp" 177
"../../../Engine/Content/Functions/Engine_MaterialFunctions02/Utility/CameraDirectionVector.uasset" 178
"../../../Engine/Content/Functions/Engine_MaterialFunctions02/Utility/CameraDirectionVector.uexp" 179
"../../../Engine/Content/EngineDebugMaterials/VolumeToRender.uasset" 180
"../../../Engine/Content/EngineDebugMaterials/VolumeToRender.uexp" 181
"../../../Engine/Content/EngineDebugMaterials/M_VolumeRenderSphereTracePP.uasset" 182
"../../../Engine/Content/EngineDebugMaterials/M_VolumeRenderSphereTracePP.uexp" 183
"../../../Engine/Content/EngineDebugMaterials/M_SimpleUnlitTranslucent.uasset" 184
"../../../Engine/Content/EngineDebugMaterials/M_SimpleUnlitTranslucent.uexp" 185
"../../../Engine/Content/EngineDebugMaterials/DebugMeshMaterial.uasset" 186
"../../../Engine/Content/EngineDebugMaterials/DebugMeshMaterial.uexp" 187
"../../../Engine/Content/EngineDebugMaterials/DebugEditorMaterial.uasset" 188
"../../../Engine/Content/EngineDebugMaterials/DebugEditorMaterial.uexp" 189
"../../../Engine/Content/EngineDamageTypes/DmgTypeBP_Environmental.uasset" 190
"../../../Engine/Content/EngineDamageTypes/DmgTypeBP_Environmental.uexp" 191
"../../../Engine/Content/EditorResources/S_TriggerSphere.uasset" 192
"../../../Engine/Content/EditorResources/S_TriggerSphere.uexp" 193
"../../../Engine/Content/EditorResources/S_TriggerCapsule.uasset" 194
"../../../Engine/Content/EditorResources/S_TriggerCapsule.uexp" 195
"../../../Engine/Content/EditorResources/S_TriggerBox.uasset" 196
"../../../Engine/Content/EditorResources/S_TriggerBox.uexp" 197
"../../../Engine/Content/EditorResources/S_Trigger.ubulk" 198
"../../../Engine/Content/EditorResources/S_Trigger.uasset" 199
"../../../Engine/Content/EditorResources/S_Trigger.uexp" 200
"../../../Engine/Content/EditorResources/S_Terrain.ubulk" 201
"../../../Engine/Content/EditorResources/S_Terrain.uasset" 202
"../../../Engine/Content/EditorResources/S_Terrain.uexp" 203
"../../../Engine/Content/EditorResources/S_Solver.ubulk" 204
"../../../Engine/Content/EditorResources/S_Solver.uasset" 205
"../../../Engine/Content/EditorResources/S_Solver.uexp" 206
"../../../Engine/Content/EditorResources/S_BoxReflectionCapture.uasset" 207
"../../../Engine/Content/EditorResources/S_BoxReflectionCapture.uexp" 208
"../../../Engine/Content/EditorResources/S_Actor.ubulk" 209
"../../../Engine/Content/EditorResources/S_Actor.uasset" 210
"../../../Engine/Content/EditorResources/S_Actor.uexp" 211
"../../../Engine/Content/EditorResources/EmptyActor.uasset" 212
"../../../Engine/Content/EditorResources/EmptyActor.uexp" 213
"../../../Engine/Content/EditorResources/BSPVertex.uasset" 214
"../../../Engine/Content/EditorResources/BSPVertex.uexp" 215
"../../../Engine/Content/EditorResources/SequenceRecorder/RecordingIndicator.uasset" 216
"../../../Engine/Content/EditorResources/SequenceRecorder/RecordingIndicator.uexp" 217
"../../../Engine/Content/EditorResources/SequenceRecorder/Countdown.uasset" 218
"../../../Engine/Content/EditorResources/SequenceRecorder/Countdown.uexp" 219
"../../../Engine/Content/EditorResources/LightIcons/S_LightError.uasset" 220
"../../../Engine/Content/EditorResources/LightIcons/S_LightError.uexp" 221
"../../../Engine/Content/EditorResources/AudioIcons/S_AudioComponent_AutoActivate.uasset" 222
"../../../Engine/Content/EditorResources/AudioIcons/S_AudioComponent_AutoActivate.uexp" 223
"../../../Engine/Content/EditorMaterials/Camera/CineMat.uasset" 224
"../../../Engine/Content/EditorMaterials/Camera/CineMat.uexp" 225
"../../../Engine/Content/EditorMaterials/Camera/MI_CineMat_Rig.uasset" 226
"../../../Engine/Content/EditorMaterials/Camera/MI_CineMat_Rig.uexp" 227
"../../../Engine/Content/EditorMeshes/Camera/SM_RailRig_Track.uasset" 228
"../../../Engine/Content/EditorMeshes/Camera/SM_RailRig_Track.uexp" 229
"../../../Engine/Content/EditorMeshes/Camera/SM_RailRig_Mount.uasset" 230
"../../../Engine/Content/EditorMeshes/Camera/SM_RailRig_Mount.uexp" 231
"../../../Engine/Content/EditorMeshes/Camera/SM_CraneRig_Mount.uasset" 232
"../../../Engine/Content/EditorMeshes/Camera/SM_CraneRig_Mount.uexp" 233
"../../../Engine/Content/EditorMeshes/Camera/SM_CraneRig_Body.uasset" 234
"../../../Engine/Content/EditorMeshes/Camera/SM_CraneRig_Body.uexp" 235
"../../../Engine/Content/EditorMeshes/Camera/SM_CraneRig_Base.uasset" 236
"../../../Engine/Content/EditorMeshes/Camera/SM_CraneRig_Base.uexp" 237
"../../../Engine/Content/EditorMeshes/Camera/SM_CraneRig_Arm.uasset" 238
"../../../Engine/Content/EditorMeshes/Camera/SM_CraneRig_Arm.uexp" 239
"../../../Engine/Content/EditorMaterials/PreviewShadowIndicator.ubulk" 240
"../../../Engine/Content/EditorMaterials/PreviewShadowIndicator.uasset" 241
"../../../Engine/Content/EditorMaterials/PreviewShadowIndicator.uexp" 242
"../../../Engine/Content/EditorMaterials/PreviewShadowIndicatorMaterial.uasset" 243
"../../../Engine/Content/EditorMaterials/PreviewShadowIndicatorMaterial.uexp" 244
"../../../Engine/Content/EditorMaterials/MAT_Groups_Visibility.uasset" 245
"../../../Engine/Content/EditorMaterials/MAT_Groups_Visibility.uexp" 246
"../../../Engine/Content/EditorMaterials/MAT_Groups_Toggle.uasset" 247
"../../../Engine/Content/EditorMaterials/MAT_Groups_Toggle.uexp" 248
"../../../Engine/Content/Functions/Engine_MaterialFunctions02/Utility/MakeFloat4.uasset" 249
"../../../Engine/Content/Functions/Engine_MaterialFunctions02/Utility/MakeFloat4.uexp" 250
"../../../Engine/Content/Functions/Engine_MaterialFunctions02/Utility/MakeFloat3.uasset" 251
"../../../Engine/Content/Functions/Engine_MaterialFunctions02/Utility/MakeFloat3.uexp" 252
"../../../Engine/Content/Functions/Engine_MaterialFunctions02/Utility/BreakOutFloat3Components.uasset" 253
"../../../Engine/Content/Functions/Engine_MaterialFunctions02/Utility/BreakOutFloat3Components.uexp" 254
"../../../Engine/Content/EditorMaterials/WorldPartition/WorldPartitionSpatialHashGridPreviewMaterial.uasset" 255
"../../../Engine/Content/EditorMaterials/WorldPartition/WorldPartitionSpatialHashGridPreviewMaterial.uexp" 256
"../../../Engine/Content/EditorMaterials/ParticleSystems/PSysThumbnail_OOD.ubulk" 257
"../../../Engine/Content/EditorMaterials/ParticleSystems/PSysThumbnail_OOD.uasset" 258
"../../../Engine/Content/EditorMaterials/ParticleSystems/PSysThumbnail_OOD.uexp" 259
"../../../Engine/Content/EditorMaterials/ParticleSystems/PSysThumbnail_NoImage.ubulk" 260
"../../../Engine/Content/EditorMaterials/ParticleSystems/PSysThumbnail_NoImage.uasset" 261
"../../../Engine/Content/EditorMaterials/ParticleSystems/PSysThumbnail_NoImage.uexp" 262
"../../../Engine/Content/EditorMaterials/MatineeGroups/MAT_Groups_Vector.uasset" 263
"../../../Engine/Content/EditorMaterials/MatineeGroups/MAT_Groups_Vector.uexp" 264
"../../../Engine/Content/EditorMaterials/MatineeGroups/MAT_Groups_Sound.uasset" 265
"../../../Engine/Content/EditorMaterials/MatineeGroups/MAT_Groups_Sound.uexp" 266
"../../../Engine/Content/EditorMaterials/MatineeGroups/MAT_Groups_Slomo.uasset" 267
"../../../Engine/Content/EditorMaterials/MatineeGroups/MAT_Groups_Slomo.uexp" 268
"../../../Engine/Content/EditorMaterials/MatineeGroups/MAT_Groups_Move.uasset" 269
"../../../Engine/Content/EditorMaterials/MatineeGroups/MAT_Groups_Move.uexp" 270
"../../../Engine/Content/EditorMaterials/MatineeGroups/MAT_Groups_Float.uasset" 271
"../../../Engine/Content/EditorMaterials/MatineeGroups/MAT_Groups_Float.uexp" 272
"../../../Engine/Content/EditorMaterials/MatineeGroups/MAT_Groups_Fade.uasset" 273
"../../../Engine/Content/EditorMaterials/MatineeGroups/MAT_Groups_Fade.uexp" 274
"../../../Engine/Content/EditorMaterials/MatineeGroups/MAT_Groups_Event.uasset" 275
"../../../Engine/Content/EditorMaterials/MatineeGroups/MAT_Groups_Event.uexp" 276
"../../../Engine/Content/EditorMaterials/MatineeGroups/MAT_Groups_Director.uasset" 277
"../../../Engine/Content/EditorMaterials/MatineeGroups/MAT_Groups_Director.uexp" 278
"../../../Engine/Content/EditorMaterials/MatineeGroups/MAT_Groups_AudioMaster.uasset" 279
"../../../Engine/Content/EditorMaterials/MatineeGroups/MAT_Groups_AudioMaster.uexp" 280
"../../../Engine/Content/EditorMaterials/MatineeGroups/MAT_Groups_Anim.uasset" 281
"../../../Engine/Content/EditorMaterials/MatineeGroups/MAT_Groups_Anim.uexp" 282
"../../../Engine/Content/EditorMaterials/MatineeGroups/MAT_ColorTrack.uasset" 283
"../../../Engine/Content/EditorMaterials/MatineeGroups/MAT_ColorTrack.uexp" 284
"../../../Engine/Content/EditorLandscapeResources/DefaultAlphaTexture.uasset" 285
"../../../Engine/Content/EditorLandscapeResources/DefaultAlphaTexture.uexp" 286
"../../../Engine/Content/EditorLandscapeResources/DataLayer.uasset" 287
"../../../Engine/Content/EditorLandscapeResources/DataLayer.uexp" 288
"../../../Engine/Plugins/Runtime/WebBrowserWidget/Content/WebTexture_T.uasset" 289
"../../../Engine/Plugins/Runtime/WebBrowserWidget/Content/WebTexture_T.uexp" 290
"../../../Engine/Plugins/Runtime/WebBrowserWidget/Content/WebTexture_TM.uasset" 291
"../../../Engine/Plugins/Runtime/WebBrowserWidget/Content/WebTexture_TM.uexp" 292
"../../../Engine/Plugins/Runtime/WebBrowserWidget/Content/WebTexture_M.uasset" 293
"../../../Engine/Plugins/Runtime/WebBrowserWidget/Content/WebTexture_M.uexp" 294
"../../../Engine/Content/EngineResources/Black.uasset" 295
"../../../Engine/Content/EngineResources/Black.uexp" 296
"../../../Engine/Plugins/Runtime/OpenXR/Content/Devices/M_XRController.uasset" 297
"../../../Engine/Plugins/Runtime/OpenXR/Content/Devices/M_XRController.uexp" 298
"../../../Engine/Plugins/Runtime/OpenXR/Content/Devices/ValveIndex/MRTexture.ubulk" 299
"../../../Engine/Plugins/Runtime/OpenXR/Content/Devices/ValveIndex/MRTexture.uasset" 300
"../../../Engine/Plugins/Runtime/OpenXR/Content/Devices/ValveIndex/MRTexture.uexp" 301
"../../../Engine/Plugins/Runtime/OpenXR/Content/Devices/ValveIndex/BaseTexture.ubulk" 302
"../../../Engine/Plugins/Runtime/OpenXR/Content/Devices/ValveIndex/BaseTexture.uasset" 303
"../../../Engine/Plugins/Runtime/OpenXR/Content/Devices/ValveIndex/BaseTexture.uexp" 304
"../../../Engine/Plugins/Runtime/OpenXR/Content/Devices/ValveIndex/Right/MI_right_ValveIndex.uasset" 305
"../../../Engine/Plugins/Runtime/OpenXR/Content/Devices/ValveIndex/Right/MI_right_ValveIndex.uexp" 306
"../../../Engine/Plugins/Runtime/OpenXR/Content/Devices/ValveIndex/Right/right_ValveIndexController.uasset" 307
"../../../Engine/Plugins/Runtime/OpenXR/Content/Devices/ValveIndex/Right/right_ValveIndexController.uexp" 308
"../../../Engine/Plugins/Runtime/OpenXR/Content/Devices/ValveIndex/Left/MI_left_ValveIndex.uasset" 309
"../../../Engine/Plugins/Runtime/OpenXR/Content/Devices/ValveIndex/Left/MI_left_ValveIndex.uexp" 310
"../../../Engine/Plugins/Runtime/OpenXR/Content/Devices/ValveIndex/Left/left_ValveIndexController.uasset" 311
"../../../Engine/Plugins/Runtime/OpenXR/Content/Devices/ValveIndex/Left/left_ValveIndexController.uexp" 312
"../../../Engine/Plugins/Runtime/OpenXR/Content/Devices/OculusTouch_v3/MRTexture.ubulk" 313
"../../../Engine/Plugins/Runtime/OpenXR/Content/Devices/OculusTouch_v3/MRTexture.uasset" 314
"../../../Engine/Plugins/Runtime/OpenXR/Content/Devices/OculusTouch_v3/MRTexture.uexp" 315
"../../../Engine/Plugins/Runtime/OpenXR/Content/Devices/OculusTouch_v3/BaseTexture.ubulk" 316
"../../../Engine/Plugins/Runtime/OpenXR/Content/Devices/OculusTouch_v3/BaseTexture.uasset" 317
"../../../Engine/Plugins/Runtime/OpenXR/Content/Devices/OculusTouch_v3/BaseTexture.uexp" 318
"../../../Engine/Plugins/Runtime/OpenXR/Content/Devices/OculusTouch_v3/MI_OculusTouch_v3.uasset" 319
"../../../Engine/Plugins/Runtime/OpenXR/Content/Devices/OculusTouch_v3/MI_OculusTouch_v3.uexp" 320
"../../../Engine/Plugins/Runtime/OpenXR/Content/Devices/OculusTouch_v3/Right/right_OculusTouch_v3Controller.uasset" 321
"../../../Engine/Plugins/Runtime/OpenXR/Content/Devices/OculusTouch_v3/Right/right_OculusTouch_v3Controller.uexp" 322
"../../../Engine/Plugins/Runtime/OpenXR/Content/Devices/OculusTouch_v3/Left/left_OculusTouch_v3Controller.uasset" 323
"../../../Engine/Plugins/Runtime/OpenXR/Content/Devices/OculusTouch_v3/Left/left_OculusTouch_v3Controller.uexp" 324
"../../../Engine/Plugins/Runtime/OpenXR/Content/Devices/OculusTouch/BaseTexture.ubulk" 325
"../../../Engine/Plugins/Runtime/OpenXR/Content/Devices/OculusTouch/BaseTexture.uasset" 326
"../../../Engine/Plugins/Runtime/OpenXR/Content/Devices/OculusTouch/BaseTexture.uexp" 327
"../../../Engine/Plugins/Runtime/OpenXR/Content/Devices/OculusTouch/MRTexture.ubulk" 328
"../../../Engine/Plugins/Runtime/OpenXR/Content/Devices/OculusTouch/MRTexture.uasset" 329
"../../../Engine/Plugins/Runtime/OpenXR/Content/Devices/OculusTouch/MRTexture.uexp" 330
"../../../Engine/Plugins/Runtime/OpenXR/Content/Devices/OculusTouch/MI_OculusTouch.uasset" 331
"../../../Engine/Plugins/Runtime/OpenXR/Content/Devices/OculusTouch/MI_OculusTouch.uexp" 332
"../../../Engine/Plugins/Runtime/OpenXR/Content/Devices/OculusTouch/Right/right_OculusTouchController.uasset" 333
"../../../Engine/Plugins/Runtime/OpenXR/Content/Devices/OculusTouch/Right/right_OculusTouchController.uexp" 334
"../../../Engine/Plugins/Runtime/OpenXR/Content/Devices/OculusTouch/Left/left_OculusTouchController.uasset" 335
"../../../Engine/Plugins/Runtime/OpenXR/Content/Devices/OculusTouch/Left/left_OculusTouchController.uexp" 336
"../../../Engine/Plugins/Runtime/OpenXR/Content/Devices/OculusGo/BaseTexture.ubulk" 337
"../../../Engine/Plugins/Runtime/OpenXR/Content/Devices/OculusGo/BaseTexture.uasset" 338
"../../../Engine/Plugins/Runtime/OpenXR/Content/Devices/OculusGo/BaseTexture.uexp" 339
"../../../Engine/Plugins/Runtime/OpenXR/Content/Devices/OculusGo/MI_OculusGo.uasset" 340
"../../../Engine/Plugins/Runtime/OpenXR/Content/Devices/OculusGo/MI_OculusGo.uexp" 341
"../../../Engine/Plugins/Runtime/OpenXR/Content/Devices/OculusGo/OculusGoController.uasset" 342
"../../../Engine/Plugins/Runtime/OpenXR/Content/Devices/OculusGo/OculusGoController.uexp" 343
"../../../Engine/Plugins/Runtime/OpenXR/Content/Devices/MicrosoftMixedReality/NormalTexture.ubulk" 344
"../../../Engine/Plugins/Runtime/OpenXR/Content/Devices/MicrosoftMixedReality/NormalTexture.uasset" 345
"../../../Engine/Plugins/Runtime/OpenXR/Content/Devices/MicrosoftMixedReality/NormalTexture.uexp" 346
"../../../Engine/Plugins/Runtime/OpenXR/Content/Devices/MicrosoftMixedReality/EmissiveTexture.ubulk" 347
"../../../Engine/Plugins/Runtime/OpenXR/Content/Devices/MicrosoftMixedReality/EmissiveTexture.uasset" 348
"../../../Engine/Plugins/Runtime/OpenXR/Content/Devices/MicrosoftMixedReality/EmissiveTexture.uexp" 349
"../../../Engine/Plugins/Runtime/OpenXR/Content/Devices/MicrosoftMixedReality/BaseTexture.ubulk" 350
"../../../Engine/Plugins/Runtime/OpenXR/Content/Devices/MicrosoftMixedReality/BaseTexture.uasset" 351
"../../../Engine/Plugins/Runtime/OpenXR/Content/Devices/MicrosoftMixedReality/BaseTexture.uexp" 352
"../../../Engine/Plugins/Runtime/OpenXR/Content/Devices/MicrosoftMixedReality/MRTexture.ubulk" 353
"../../../Engine/Plugins/Runtime/OpenXR/Content/Devices/MicrosoftMixedReality/MRTexture.uasset" 354
"../../../Engine/Plugins/Runtime/OpenXR/Content/Devices/MicrosoftMixedReality/MRTexture.uexp" 355
"../../../Engine/Plugins/Runtime/OpenXR/Content/Devices/MicrosoftMixedReality/MI_MicrosoftMixedReality.uasset" 356
"../../../Engine/Plugins/Runtime/OpenXR/Content/Devices/MicrosoftMixedReality/MI_MicrosoftMixedReality.uexp" 357
"../../../Engine/Plugins/Runtime/OpenXR/Content/Devices/MicrosoftMixedReality/Right/right_MicrosoftMixedRealityController.uasset" 358
"../../../Engine/Plugins/Runtime/OpenXR/Content/Devices/MicrosoftMixedReality/Right/right_MicrosoftMixedRealityController.uexp" 359
"../../../Engine/Plugins/Runtime/OpenXR/Content/Devices/MicrosoftMixedReality/Left/left_MicrosoftMixedRealityController.uasset" 360
"../../../Engine/Plugins/Runtime/OpenXR/Content/Devices/MicrosoftMixedReality/Left/left_MicrosoftMixedRealityController.uexp" 361
"../../../Engine/Plugins/Runtime/OpenXR/Content/Devices/HTCVive/BaseTexture.ubulk" 362
"../../../Engine/Plugins/Runtime/OpenXR/Content/Devices/HTCVive/BaseTexture.uasset" 363
"../../../Engine/Plugins/Runtime/OpenXR/Content/Devices/HTCVive/BaseTexture.uexp" 364
"../../../Engine/Plugins/Runtime/OpenXR/Content/Devices/HTCVive/MI_HTCVive.uasset" 365
"../../../Engine/Plugins/Runtime/OpenXR/Content/Devices/HTCVive/MI_HTCVive.uexp" 366
"../../../Engine/Plugins/Runtime/OpenXR/Content/Devices/HTCVive/HTCViveController.uasset" 367
"../../../Engine/Plugins/Runtime/OpenXR/Content/Devices/HTCVive/HTCViveController.uexp" 368
"../../../Engine/Plugins/Runtime/Oculus/OculusVR/Content/Textures/TouchForQuestRiftSController_albedo.ubulk" 369
"../../../Engine/Plugins/Runtime/Oculus/OculusVR/Content/Textures/TouchForQuestRiftSController_albedo.uasset" 370
"../../../Engine/Plugins/Runtime/Oculus/OculusVR/Content/Textures/TouchForQuestRiftSController_albedo.uexp" 371
"../../../Engine/Plugins/Runtime/Oculus/OculusVR/Content/Materials/TouchForQuestRiftSControllerMaterial.uasset" 372
"../../../Engine/Plugins/Runtime/Oculus/OculusVR/Content/Materials/TouchForQuestRiftSControllerMaterial.uexp" 373
"../../../Engine/Plugins/Runtime/Oculus/OculusVR/Content/Meshes/RightTouchForQuestRiftSController.uasset" 374
"../../../Engine/Plugins/Runtime/Oculus/OculusVR/Content/Meshes/RightTouchForQuestRiftSController.uexp" 375
"../../../Engine/Plugins/Runtime/Oculus/OculusVR/Content/Textures/touchController_albedo.ubulk" 376
"../../../Engine/Plugins/Runtime/Oculus/OculusVR/Content/Textures/touchController_albedo.uasset" 377
"../../../Engine/Plugins/Runtime/Oculus/OculusVR/Content/Textures/touchController_albedo.uexp" 378
"../../../Engine/Plugins/Runtime/Oculus/OculusVR/Content/Textures/touchController_controlmap.ubulk" 379
"../../../Engine/Plugins/Runtime/Oculus/OculusVR/Content/Textures/touchController_controlmap.uasset" 380
"../../../Engine/Plugins/Runtime/Oculus/OculusVR/Content/Textures/touchController_controlmap.uexp" 381
"../../../Engine/Plugins/Runtime/Oculus/OculusVR/Content/Materials/touchController_mat.uasset" 382
"../../../Engine/Plugins/Runtime/Oculus/OculusVR/Content/Materials/touchController_mat.uexp" 383
"../../../Engine/Plugins/Runtime/Oculus/OculusVR/Content/Meshes/RightTouchController.uasset" 384
"../../../Engine/Plugins/Runtime/Oculus/OculusVR/Content/Meshes/RightTouchController.uexp" 385
"../../../Engine/Plugins/Runtime/Oculus/OculusVR/Content/Meshes/RiftHMD.uasset" 386
"../../../Engine/Plugins/Runtime/Oculus/OculusVR/Content/Meshes/RiftHMD.uexp" 387
"../../../Engine/Plugins/Runtime/Oculus/OculusVR/Content/Meshes/LeftTouchForQuestRiftSController.uasset" 388
"../../../Engine/Plugins/Runtime/Oculus/OculusVR/Content/Meshes/LeftTouchForQuestRiftSController.uexp" 389
"../../../Engine/Plugins/Runtime/Oculus/OculusVR/Content/Meshes/LeftTouchController.uasset" 390
"../../../Engine/Plugins/Runtime/Oculus/OculusVR/Content/Meshes/LeftTouchController.uexp" 391
"../../../Engine/Plugins/Runtime/Oculus/OculusVR/Content/Materials/PokeAHoleMaterial.uasset" 392
"../../../Engine/Plugins/Runtime/Oculus/OculusVR/Content/Materials/PokeAHoleMaterial.uexp" 393
"../../../Engine/Plugins/Runtime/Oculus/OculusVR/Content/Materials/OculusMR_OpaqueColoredMaterial.uasset" 394
"../../../Engine/Plugins/Runtime/Oculus/OculusVR/Content/Materials/OculusMR_OpaqueColoredMaterial.uexp" 395
"../../../Engine/Content/Functions/Engine_MaterialFunctions02/Utility/BreakOutFloat4Components.uasset" 396
"../../../Engine/Content/Functions/Engine_MaterialFunctions02/Utility/BreakOutFloat4Components.uexp" 397
"../../../Engine/Plugins/Runtime/Oculus/OculusVR/Content/Materials/OculusMR_ChromaKey.uasset" 398
"../../../Engine/Plugins/Runtime/Oculus/OculusVR/Content/Materials/OculusMR_ChromaKey.uexp" 399
"../../../Engine/Plugins/Runtime/HairStrands/Content/Materials/HairMeshesDefaultMaterial.uasset" 400
"../../../Engine/Plugins/Runtime/HairStrands/Content/Materials/HairMeshesDefaultMaterial.uexp" 401
"../../../Engine/Plugins/Runtime/HairStrands/Content/Materials/HairDefaultMaterial.uasset" 402
"../../../Engine/Plugins/Runtime/HairStrands/Content/Materials/HairDefaultMaterial.uexp" 403
"../../../Engine/Plugins/Runtime/HairStrands/Content/Materials/HairGroupColors.uasset" 404
"../../../Engine/Plugins/Runtime/HairStrands/Content/Materials/HairGroupColors.uexp" 405
"../../../Engine/Content/EngineMaterials/HairColorMap.uasset" 406
"../../../Engine/Content/EngineMaterials/HairColorMap.uexp" 407
"../../../Engine/Content/EngineMaterials/HairDebugColor.uasset" 408
"../../../Engine/Content/EngineMaterials/HairDebugColor.uexp" 409
"../../../Engine/Plugins/Runtime/HairStrands/Content/Materials/HairDebugMaterial.uasset" 410
"../../../Engine/Plugins/Runtime/HairStrands/Content/Materials/HairDebugMaterial.uexp" 411
"../../../Engine/Plugins/Runtime/HairStrands/Content/Materials/HairCardsDefaultMaterial.uasset" 412
"../../../Engine/Plugins/Runtime/HairStrands/Content/Materials/HairCardsDefaultMaterial.uexp" 413
"../../../Engine/Plugins/Editor/SpeedTreeImporter/Content/SpeedTree9/game_wind_noise.ubulk" 414
"../../../Engine/Plugins/Editor/SpeedTreeImporter/Content/SpeedTree9/game_wind_noise.uasset" 415
"../../../Engine/Plugins/Editor/SpeedTreeImporter/Content/SpeedTree9/game_wind_noise.uexp" 416
"../../../Engine/Plugins/Editor/SpeedTreeImporter/Content/SpeedTree9/UnpackDirection.uasset" 417
"../../../Engine/Plugins/Editor/SpeedTreeImporter/Content/SpeedTree9/UnpackDirection.uexp" 418
"../../../Engine/Content/Functions/Engine_MaterialFunctions02/ObjectLocalBounds.uasset" 419
"../../../Engine/Content/Functions/Engine_MaterialFunctions02/ObjectLocalBounds.uexp" 420
"../../../Engine/Content/Functions/Engine_MaterialFunctions02/UVs/BoundingBoxBased_0-1_UVW.uasset" 421
"../../../Engine/Content/Functions/Engine_MaterialFunctions02/UVs/BoundingBoxBased_0-1_UVW.uexp" 422
"../../../Engine/Content/Functions/Engine_MaterialFunctions02/Utility/VectorLength.uasset" 423
"../../../Engine/Content/Functions/Engine_MaterialFunctions02/Utility/VectorLength.uexp" 424
"../../../Engine/Plugins/Editor/SpeedTreeImporter/Content/SpeedTree9/UnpackInteger3.uasset" 425
"../../../Engine/Plugins/Editor/SpeedTreeImporter/Content/SpeedTree9/UnpackInteger3.uexp" 426
"../../../Engine/Plugins/Editor/SpeedTreeImporter/Content/SpeedTree9/SpeedTreeCameraFacing.uasset" 427
"../../../Engine/Plugins/Editor/SpeedTreeImporter/Content/SpeedTree9/SpeedTreeCameraFacing.uexp" 428
"../../../Engine/Content/Functions/Engine_MaterialFunctions02/WorldPositionOffset/ObjectScale.uasset" 429
"../../../Engine/Content/Functions/Engine_MaterialFunctions02/WorldPositionOffset/ObjectScale.uexp" 430
"../../../Engine/Content/Functions/Engine_MaterialFunctions02/SafeNormalize.uasset" 431
"../../../Engine/Content/Functions/Engine_MaterialFunctions02/SafeNormalize.uexp" 432
"../../../Engine/Plugins/Editor/SpeedTreeImporter/Content/SpeedTree9/SpeedTreeWindMotion.uasset" 433
"../../../Engine/Plugins/Editor/SpeedTreeImporter/Content/SpeedTree9/SpeedTreeWindMotion.uexp" 434
"../../../Engine/Plugins/Editor/SpeedTreeImporter/Content/SpeedTree9/SpeedTreeBranchMotion.uasset" 435
"../../../Engine/Plugins/Editor/SpeedTreeImporter/Content/SpeedTree9/SpeedTreeBranchMotion.uexp" 436
"../../../Engine/Plugins/Editor/SpeedTreeImporter/Content/SpeedTree9/SpeedTreeWind.uasset" 437
"../../../Engine/Plugins/Editor/SpeedTreeImporter/Content/SpeedTree9/SpeedTreeWind.uexp" 438
"../../../Engine/Plugins/Editor/SpeedTreeImporter/Content/SpeedTree9/EmptyNormal.uasset" 439
"../../../Engine/Plugins/Editor/SpeedTreeImporter/Content/SpeedTree9/EmptyNormal.uexp" 440
"../../../Engine/Plugins/Editor/SpeedTreeImporter/Content/SpeedTree9/Empty.uasset" 441
"../../../Engine/Plugins/Editor/SpeedTreeImporter/Content/SpeedTree9/Empty.uexp" 442
"../../../Engine/Plugins/Editor/SpeedTreeImporter/Content/SpeedTree9/SpeedTreeMaster.uasset" 443
"../../../Engine/Plugins/Editor/SpeedTreeImporter/Content/SpeedTree9/SpeedTreeMaster.uexp" 444
"../../../Engine/Plugins/Editor/SpeedTreeImporter/Content/SpeedTree9/SpeedTreeBillboard.uasset" 445
"../../../Engine/Plugins/Editor/SpeedTreeImporter/Content/SpeedTree9/SpeedTreeBillboard.uexp" 446
"../../../Engine/Plugins/Editor/SpeedTreeImporter/Content/SpeedTree9/SpeedTreeBillboardMaster.uasset" 447
"../../../Engine/Plugins/Editor/SpeedTreeImporter/Content/SpeedTree9/SpeedTreeBillboardMaster.uexp" 448
"../../../Engine/Plugins/Animation/ControlRig/Content/M_Manip.uasset" 449
"../../../Engine/Plugins/Animation/ControlRig/Content/M_Manip.uexp" 450
"../../../Engine/Plugins/Animation/ControlRig/Content/Controls/DefaultGizmoLibraryNormalized.uasset" 451
"../../../Engine/Plugins/Animation/ControlRig/Content/Controls/DefaultGizmoLibraryNormalized.uexp" 452
"../../../Engine/Plugins/Animation/ControlRig/Content/Controls/ControlRig_Wedge_solid.uasset" 453
"../../../Engine/Plugins/Animation/ControlRig/Content/Controls/ControlRig_Wedge_solid.uexp" 454
"../../../Engine/Plugins/Animation/ControlRig/Content/Controls/ControlRig_Wedge_3mm.uasset" 455
"../../../Engine/Plugins/Animation/ControlRig/Content/Controls/ControlRig_Wedge_3mm.uexp" 456
"../../../Engine/Plugins/Animation/ControlRig/Content/Controls/ControlRig_Wedge_1mm.uasset" 457
"../../../Engine/Plugins/Animation/ControlRig/Content/Controls/ControlRig_Wedge_1mm.uexp" 458
"../../../Engine/Plugins/Animation/ControlRig/Content/Controls/ControlRig_Triangle_solid.uasset" 459
"../../../Engine/Plugins/Animation/ControlRig/Content/Controls/ControlRig_Triangle_solid.uexp" 460
"../../../Engine/Plugins/Animation/ControlRig/Content/Controls/ControlRig_Triangle_3mm.uasset" 461
"../../../Engine/Plugins/Animation/ControlRig/Content/Controls/ControlRig_Triangle_3mm.uexp" 462
"../../../Engine/Plugins/Animation/ControlRig/Content/Controls/ControlRig_Triangle_1mm.uasset" 463
"../../../Engine/Plugins/Animation/ControlRig/Content/Controls/ControlRig_Triangle_1mm.uexp" 464
"../../../Engine/Plugins/Animation/ControlRig/Content/Controls/ControlRig_Star4_solid.uasset" 465
"../../../Engine/Plugins/Animation/ControlRig/Content/Controls/ControlRig_Star4_solid.uexp" 466
"../../../Engine/Plugins/Animation/ControlRig/Content/Controls/ControlRig_Star4_3mm.uasset" 467
"../../../Engine/Plugins/Animation/ControlRig/Content/Controls/ControlRig_Star4_3mm.uexp" 468
"../../../Engine/Plugins/Animation/ControlRig/Content/Controls/ControlRig_Star4_1mm.uasset" 469
"../../../Engine/Plugins/Animation/ControlRig/Content/Controls/ControlRig_Star4_1mm.uexp" 470
"../../../Engine/Plugins/Animation/ControlRig/Content/Controls/ControlRig_Square_solid.uasset" 471
"../../../Engine/Plugins/Animation/ControlRig/Content/Controls/ControlRig_Square_solid.uexp" 472
"../../../Engine/Plugins/Animation/ControlRig/Content/Controls/ControlRig_Square_3mm.uasset" 473
"../../../Engine/Plugins/Animation/ControlRig/Content/Controls/ControlRig_Square_3mm.uexp" 474
"../../../Engine/Plugins/Animation/ControlRig/Content/Controls/ControlRig_Square_1mm.uasset" 475
"../../../Engine/Plugins/Animation/ControlRig/Content/Controls/ControlRig_Square_1mm.uexp" 476
"../../../Engine/Plugins/Animation/ControlRig/Content/Controls/ControlRig_Sphere_solid.uasset" 477
"../../../Engine/Plugins/Animation/ControlRig/Content/Controls/ControlRig_Sphere_solid.uexp" 478
"../../../Engine/Plugins/Animation/ControlRig/Content/Controls/ControlRig_Sphere_3mm.uasset" 479
"../../../Engine/Plugins/Animation/ControlRig/Content/Controls/ControlRig_Sphere_3mm.uexp" 480
"../../../Engine/Plugins/Animation/ControlRig/Content/Controls/ControlRig_Sphere_1mm.uasset" 481
"../../../Engine/Plugins/Animation/ControlRig/Content/Controls/ControlRig_Sphere_1mm.uexp" 482
"../../../Engine/Plugins/Animation/ControlRig/Content/Controls/ControlRig_RoundedTriangle_solid.uasset" 483
"../../../Engine/Plugins/Animation/ControlRig/Content/Controls/ControlRig_RoundedTriangle_solid.uexp" 484
"../../../Engine/Plugins/Animation/ControlRig/Content/Controls/ControlRig_RoundedTriangle_3mm.uasset" 485
"../../../Engine/Plugins/Animation/ControlRig/Content/Controls/ControlRig_RoundedTriangle_3mm.uexp" 486
"../../../Engine/Plugins/Animation/ControlRig/Content/Controls/ControlRig_RoundedTriangle_1mm.uasset" 487
"../../../Engine/Plugins/Animation/ControlRig/Content/Controls/ControlRig_RoundedTriangle_1mm.uexp" 488
"../../../Engine/Plugins/Animation/ControlRig/Content/Controls/ControlRig_RoundedSquare_solid.uasset" 489
"../../../Engine/Plugins/Animation/ControlRig/Content/Controls/ControlRig_RoundedSquare_solid.uexp" 490
"../../../Engine/Plugins/Animation/ControlRig/Content/Controls/ControlRig_RoundedSquare_3mm.uasset" 491
"../../../Engine/Plugins/Animation/ControlRig/Content/Controls/ControlRig_RoundedSquare_3mm.uexp" 492
"../../../Engine/Plugins/Animation/ControlRig/Content/Controls/ControlRig_RoundedSquare_1mm.uasset" 493
"../../../Engine/Plugins/Animation/ControlRig/Content/Controls/ControlRig_RoundedSquare_1mm.uexp" 494
"../../../Engine/Plugins/Animation/ControlRig/Content/Controls/ControlRig_QuarterCircle_solid.uasset" 495
"../../../Engine/Plugins/Animation/ControlRig/Content/Controls/ControlRig_QuarterCircle_solid.uexp" 496
"../../../Engine/Plugins/Animation/ControlRig/Content/Controls/ControlRig_QuarterCircle_3mm.uasset" 497
"../../../Engine/Plugins/Animation/ControlRig/Content/Controls/ControlRig_QuarterCircle_3mm.uexp" 498
"../../../Engine/Plugins/Animation/ControlRig/Content/Controls/ControlRig_QuarterCircle_1mm.uasset" 499
"../../../Engine/Plugins/Animation/ControlRig/Content/Controls/ControlRig_QuarterCircle_1mm.uexp" 500
"../../../Engine/Plugins/Animation/ControlRig/Content/Controls/ControlRig_Pyramid_solid.uasset" 501
"../../../Engine/Plugins/Animation/ControlRig/Content/Controls/ControlRig_Pyramid_solid.uexp" 502
"../../../Engine/Plugins/Animation/ControlRig/Content/Controls/ControlRig_Pyramid_3mm.uasset" 503
"../../../Engine/Plugins/Animation/ControlRig/Content/Controls/ControlRig_Pyramid_3mm.uexp" 504
"../../../Engine/Plugins/Animation/ControlRig/Content/Controls/ControlRig_Pyramid_1mm.uasset" 505
"../../../Engine/Plugins/Animation/ControlRig/Content/Controls/ControlRig_Pyramid_1mm.uexp" 506
"../../../Engine/Plugins/Animation/ControlRig/Content/Controls/ControlRig_Octagon_solid.uasset" 507
"../../../Engine/Plugins/Animation/ControlRig/Content/Controls/ControlRig_Octagon_solid.uexp" 508
"../../../Engine/Plugins/Animation/ControlRig/Content/Controls/ControlRig_Octagon_3mm.uasset" 509
"../../../Engine/Plugins/Animation/ControlRig/Content/Controls/ControlRig_Octagon_3mm.uexp" 510
"../../../Engine/Plugins/Animation/ControlRig/Content/Controls/ControlRig_Octagon_1mm.uasset" 511
"../../../Engine/Plugins/Animation/ControlRig/Content/Controls/ControlRig_Octagon_1mm.uexp" 512
"../../../Engine/Plugins/Animation/ControlRig/Content/Controls/ControlRig_Hexagon_solid.uasset" 513
"../../../Engine/Plugins/Animation/ControlRig/Content/Controls/ControlRig_Hexagon_solid.uexp" 514
"../../../Engine/Plugins/Animation/ControlRig/Content/Controls/ControlRig_Hexagon_3mm.uasset" 515
"../../../Engine/Plugins/Animation/ControlRig/Content/Controls/ControlRig_Hexagon_3mm.uexp" 516
"../../../Engine/Plugins/Animation/ControlRig/Content/Controls/ControlRig_Hexagon_1mm.uasset" 517
"../../../Engine/Plugins/Animation/ControlRig/Content/Controls/ControlRig_Hexagon_1mm.uexp" 518
"../../../Engine/Plugins/Animation/ControlRig/Content/Controls/ControlRig_HalfCircle_solid.uasset" 519
"../../../Engine/Plugins/Animation/ControlRig/Content/Controls/ControlRig_HalfCircle_solid.uexp" 520
"../../../Engine/Plugins/Animation/ControlRig/Content/Controls/ControlRig_HalfCircle_3mm.uasset" 521
"../../../Engine/Plugins/Animation/ControlRig/Content/Controls/ControlRig_HalfCircle_3mm.uexp" 522
"../../../Engine/Plugins/Animation/ControlRig/Content/Controls/ControlRig_HalfCircle_1mm.uasset" 523
"../../../Engine/Plugins/Animation/ControlRig/Content/Controls/ControlRig_HalfCircle_1mm.uexp" 524
"../../../Engine/Plugins/Animation/ControlRig/Content/Controls/ControlRig_Diamond_solid.uasset" 525
"../../../Engine/Plugins/Animation/ControlRig/Content/Controls/ControlRig_Diamond_solid.uexp" 526
"../../../Engine/Plugins/Animation/ControlRig/Content/Controls/ControlRig_Diamond_3mm.uasset" 527
"../../../Engine/Plugins/Animation/ControlRig/Content/Controls/ControlRig_Diamond_3mm.uexp" 528
"../../../Engine/Plugins/Animation/ControlRig/Content/Controls/ControlRig_Diamond_1mm.uasset" 529
"../../../Engine/Plugins/Animation/ControlRig/Content/Controls/ControlRig_Diamond_1mm.uexp" 530
"../../../Engine/Plugins/Animation/ControlRig/Content/Controls/ControlRig_Circle_solid.uasset" 531
"../../../Engine/Plugins/Animation/ControlRig/Content/Controls/ControlRig_Circle_solid.uexp" 532
"../../../Engine/Plugins/Animation/ControlRig/Content/Controls/ControlRig_Circle_3mm.uasset" 533
"../../../Engine/Plugins/Animation/ControlRig/Content/Controls/ControlRig_Circle_3mm.uexp" 534
"../../../Engine/Plugins/Animation/ControlRig/Content/Controls/ControlRig_Circle_1mm.uasset" 535
"../../../Engine/Plugins/Animation/ControlRig/Content/Controls/ControlRig_Circle_1mm.uexp" 536
"../../../Engine/Plugins/Animation/ControlRig/Content/Controls/ControlRig_Box_solid.uasset" 537
"../../../Engine/Plugins/Animation/ControlRig/Content/Controls/ControlRig_Box_solid.uexp" 538
"../../../Engine/Plugins/Animation/ControlRig/Content/Controls/ControlRig_Box_3mm.uasset" 539
"../../../Engine/Plugins/Animation/ControlRig/Content/Controls/ControlRig_Box_3mm.uexp" 540
"../../../Engine/Plugins/Animation/ControlRig/Content/Controls/ControlRig_Box_1mm.uasset" 541
"../../../Engine/Plugins/Animation/ControlRig/Content/Controls/ControlRig_Box_1mm.uexp" 542
"../../../Engine/Plugins/Animation/ControlRig/Content/Controls/ControlRig_Arrow_solid.uasset" 543
"../../../Engine/Plugins/Animation/ControlRig/Content/Controls/ControlRig_Arrow_solid.uexp" 544
"../../../Engine/Plugins/Animation/ControlRig/Content/Controls/ControlRig_Arrow_3mm.uasset" 545
"../../../Engine/Plugins/Animation/ControlRig/Content/Controls/ControlRig_Arrow_3mm.uexp" 546
"../../../Engine/Plugins/Animation/ControlRig/Content/Controls/ControlRig_Arrow_1mm.uasset" 547
"../../../Engine/Plugins/Animation/ControlRig/Content/Controls/ControlRig_Arrow_1mm.uexp" 548
"../../../Engine/Plugins/Animation/ControlRig/Content/Controls/ControlRig_Arrow4_solid.uasset" 549
"../../../Engine/Plugins/Animation/ControlRig/Content/Controls/ControlRig_Arrow4_solid.uexp" 550
"../../../Engine/Plugins/Animation/ControlRig/Content/Controls/ControlRig_Arrow4_3mm.uasset" 551
"../../../Engine/Plugins/Animation/ControlRig/Content/Controls/ControlRig_Arrow4_3mm.uexp" 552
"../../../Engine/Plugins/Animation/ControlRig/Content/Controls/ControlRig_Arrow4_1mm.uasset" 553
"../../../Engine/Plugins/Animation/ControlRig/Content/Controls/ControlRig_Arrow4_1mm.uexp" 554
"../../../Engine/Plugins/Animation/ControlRig/Content/Controls/ControlRig_Arrow2_solid.uasset" 555
"../../../Engine/Plugins/Animation/ControlRig/Content/Controls/ControlRig_Arrow2_solid.uexp" 556
"../../../Engine/Plugins/Animation/ControlRig/Content/Controls/ControlRig_Arrow2_3mm.uasset" 557
"../../../Engine/Plugins/Animation/ControlRig/Content/Controls/ControlRig_Arrow2_3mm.uexp" 558
"../../../Engine/Plugins/Animation/ControlRig/Content/Controls/ControlRig_Arrow2_1mm.uasset" 559
"../../../Engine/Plugins/Animation/ControlRig/Content/Controls/ControlRig_Arrow2_1mm.uexp" 560
"../../../Engine/Plugins/Animation/ControlRig/Content/Controls/ControlRigGizmoMaterial.uasset" 561
"../../../Engine/Plugins/Animation/ControlRig/Content/Controls/ControlRigGizmoMaterial.uexp" 562
"../../../Engine/Plugins/2D/Paper2D/Content/PlaceholderTextures/DummySpriteTexture.ubulk" 563
"../../../Engine/Plugins/2D/Paper2D/Content/PlaceholderTextures/DummySpriteTexture.uasset" 564
"../../../Engine/Plugins/2D/Paper2D/Content/PlaceholderTextures/DummySpriteTexture.uexp" 565
"../../../Engine/Plugins/2D/Paper2D/Content/DefaultSpriteMaterial.uasset" 566
"../../../Engine/Plugins/2D/Paper2D/Content/DefaultSpriteMaterial.uexp" 567
"../../../Engine/Plugins/2D/Paper2D/Content/OpaqueUnlitSpriteMaterial.uasset" 568
"../../../Engine/Plugins/2D/Paper2D/Content/OpaqueUnlitSpriteMaterial.uexp" 569
"../../../Engine/Plugins/2D/Paper2D/Content/MaskedUnlitSpriteMaterial.uasset" 570
"../../../Engine/Plugins/2D/Paper2D/Content/MaskedUnlitSpriteMaterial.uexp" 571
"../../../Engine/Plugins/2D/Paper2D/Content/DummySprite.uasset" 572
"../../../Engine/Plugins/2D/Paper2D/Content/DummySprite.uexp" 573
"../../../Engine/Plugins/2D/Paper2D/Content/DefaultPaperTerrainMaterial.uasset" 574
"../../../Engine/Plugins/2D/Paper2D/Content/DefaultPaperTerrainMaterial.uexp" 575
"../../../Engine/Content/VREditor/TransformGizmo/Main.uasset" 576
"../../../Engine/Content/VREditor/TransformGizmo/Main.uexp" 577
"../../../Engine/Content/VREditor/TransformGizmo/Xray.uasset" 578
"../../../Engine/Content/VREditor/TransformGizmo/Xray.uexp" 579
"../../../Engine/Content/VREditor/TransformGizmo/SM_Sequencer_Node.uasset" 580
"../../../Engine/Content/VREditor/TransformGizmo/SM_Sequencer_Node.uexp" 581
"../../../Engine/Content/VREditor/LaserPointer/VR_LaserPower_01.ubulk" 582
"../../../Engine/Content/VREditor/LaserPointer/VR_LaserPower_01.uasset" 583
"../../../Engine/Content/VREditor/LaserPointer/VR_LaserPower_01.uexp" 584
"../../../Engine/Content/VREditor/TransformGizmo/TransformGizmoMaterial.uasset" 585
"../../../Engine/Content/VREditor/TransformGizmo/TransformGizmoMaterial.uexp" 586
"../../../Engine/Content/VREditor/TransformGizmo/TranslucentTransformGizmoMaterial.uasset" 587
"../../../Engine/Content/VREditor/TransformGizmo/TranslucentTransformGizmoMaterial.uexp" 588
"../../../Engine/Content/VREditor/TransformGizmo/PlaneTranslationHandle.uasset" 589
"../../../Engine/Content/VREditor/TransformGizmo/PlaneTranslationHandle.uexp" 590
"../../../Engine/Content/VREditor/TransformGizmo/BoundingBoxEdge.uasset" 591
"../../../Engine/Content/VREditor/TransformGizmo/BoundingBoxEdge.uexp" 592
"../../../Engine/Content/VREditor/TransformGizmo/BoundingBoxCorner.uasset" 593
"../../../Engine/Content/VREditor/TransformGizmo/BoundingBoxCorner.uexp" 594
"../../../Engine/Content/Tutorial/ContentIntroCurve.uasset" 595
"../../../Engine/Content/Tutorial/ContentIntroCurve.uexp" 596
"C:/Users/iampi/Documents/Unreal Projects/VRTest/Content/VRTemplate/Textures/T_Grid.ubulk" 597
"C:/Users/iampi/Documents/Unreal Projects/VRTest/Content/VRTemplate/Textures/T_Grid.uasset" 598
"C:/Users/iampi/Documents/Unreal Projects/VRTest/Content/VRTemplate/Textures/T_Grid.uexp" 599
"../../../Engine/Content/Functions/Engine_MaterialFunctions02/Utility/AppendMany.uasset" 600
"../../../Engine/Content/Functions/Engine_MaterialFunctions02/Utility/AppendMany.uexp" 601
"../../../Engine/Content/Functions/Engine_MaterialFunctions01/Gradient/LinearGradient.uasset" 602
"../../../Engine/Content/Functions/Engine_MaterialFunctions01/Gradient/LinearGradient.uexp" 603
"../../../Engine/Content/Functions/Engine_MaterialFunctions01/ImageAdjustment/CheapContrast.uasset" 604
"../../../Engine/Content/Functions/Engine_MaterialFunctions01/ImageAdjustment/CheapContrast.uexp" 605
"../../../Engine/Content/Functions/Engine_MaterialFunctions01/Texturing/WorldAlignedTexture.uasset" 606
"../../../Engine/Content/Functions/Engine_MaterialFunctions01/Texturing/WorldAlignedTexture.uexp" 607
"C:/Users/iampi/Documents/Unreal Projects/VRTest/Content/VRTemplate/Materials/M_GridRotation.uasset" 608
"C:/Users/iampi/Documents/Unreal Projects/VRTest/Content/VRTemplate/Materials/M_GridRotation.uexp" 609
"C:/Users/iampi/Documents/Unreal Projects/VRTest/Content/VRTemplate/Materials/MI_Grid_Accent.uasset" 610
"C:/Users/iampi/Documents/Unreal Projects/VRTest/Content/VRTemplate/Materials/MI_Grid_Accent.uexp" 611
"C:/Users/iampi/Documents/Unreal Projects/VRTest/Content/VRTemplate/Blueprints/VRInteractionBPI.uasset" 612
"C:/Users/iampi/Documents/Unreal Projects/VRTest/Content/VRTemplate/Blueprints/VRInteractionBPI.uexp" 613
"C:/Users/iampi/Documents/Unreal Projects/VRTest/Content/VRTemplate/Haptics/GrabHapticEffect.uasset" 614
"C:/Users/iampi/Documents/Unreal Projects/VRTest/Content/VRTemplate/Haptics/GrabHapticEffect.uexp" 615
"C:/Users/iampi/Documents/Unreal Projects/VRTest/Content/VRTemplate/Blueprints/GrabType.uasset" 616
"C:/Users/iampi/Documents/Unreal Projects/VRTest/Content/VRTemplate/Blueprints/GrabType.uexp" 617
"C:/Users/iampi/Documents/Unreal Projects/VRTest/Content/VRTemplate/Blueprints/GrabComponent.uasset" 618
"C:/Users/iampi/Documents/Unreal Projects/VRTest/Content/VRTemplate/Blueprints/GrabComponent.uexp" 619
"../../../Engine/Content/EngineSky/C_Sky_Horizon_Color.uasset" 620
"../../../Engine/Content/EngineSky/C_Sky_Horizon_Color.uexp" 621
"../../../Engine/Content/EngineSky/T_Sky_Stars.ubulk" 622
"../../../Engine/Content/EngineSky/T_Sky_Stars.uasset" 623
"../../../Engine/Content/EngineSky/T_Sky_Stars.uexp" 624
"../../../Engine/Content/EngineSky/T_Sky_Clouds_M.ubulk" 625
"../../../Engine/Content/EngineSky/T_Sky_Clouds_M.uasset" 626
"../../../Engine/Content/EngineSky/T_Sky_Clouds_M.uexp" 627
"../../../Engine/Content/EngineSky/T_Sky_Blue.ubulk" 628
"../../../Engine/Content/EngineSky/T_Sky_Blue.uasset" 629
"../../../Engine/Content/EngineSky/T_Sky_Blue.uexp" 630
"../../../Engine/Content/EngineSky/M_Sky_Panning_Clouds2.uasset" 631
"../../../Engine/Content/EngineSky/M_Sky_Panning_Clouds2.uexp" 632
"../../../Engine/Content/EngineSky/SM_SkySphere.uasset" 633
"../../../Engine/Content/EngineSky/SM_SkySphere.uexp" 634
"../../../Engine/Content/EngineSky/C_Sky_Cloud_Color.uasset" 635
"../../../Engine/Content/EngineSky/C_Sky_Cloud_Color.uexp" 636
"../../../Engine/Content/EngineSky/C_Sky_Zenith_Color.uasset" 637
"../../../Engine/Content/EngineSky/C_Sky_Zenith_Color.uexp" 638
"../../../Engine/Content/EditorBlueprintResources/StandardMacros.uasset" 639
"../../../Engine/Content/EditorBlueprintResources/StandardMacros.uexp" 640
"../../../Engine/Content/EngineSky/BP_Sky_Sphere.uasset" 641
"../../../Engine/Content/EngineSky/BP_Sky_Sphere.uexp" 642
"C:/Users/iampi/Documents/Unreal Projects/VRTest/Content/VRTemplate/Materials/MI_Grid_Default.uasset" 643
"C:/Users/iampi/Documents/Unreal Projects/VRTest/Content/VRTemplate/Materials/MI_Grid_Default.uexp" 644
"../../../Engine/Content/VREditor/BasicMeshes/T_CleanFloorGrunge_01_D.ubulk" 645
"../../../Engine/Content/VREditor/BasicMeshes/T_CleanFloorGrunge_01_D.uasset" 646
"../../../Engine/Content/VREditor/BasicMeshes/T_CleanFloorGrunge_01_D.uexp" 647
"../../../Engine/Content/VREditor/BasicMeshes/M_Floor_01.uasset" 648
"../../../Engine/Content/VREditor/BasicMeshes/M_Floor_01.uexp" 649
"../../../Engine/Content/VREditor/BasicMeshes/MI_Cube_01.uasset" 650
"../../../Engine/Content/VREditor/BasicMeshes/MI_Cube_01.uexp" 651
"../../../Engine/Content/VREditor/BasicMeshes/SM_Cube_01.uasset" 652
"../../../Engine/Content/VREditor/BasicMeshes/SM_Cube_01.uexp" 653
"C:/Users/iampi/Documents/Unreal Projects/VRTest/Content/VRTemplate/Blueprints/Grabbable_SmallCube.uasset" 654
"C:/Users/iampi/Documents/Unreal Projects/VRTest/Content/VRTemplate/Blueprints/Grabbable_SmallCube.uexp" 655
"C:/Users/iampi/Documents/Unreal Projects/VRTest/Content/LevelPrototyping/Textures/T_GridChecker_A.ubulk" 656
"C:/Users/iampi/Documents/Unreal Projects/VRTest/Content/LevelPrototyping/Textures/T_GridChecker_A.uasset" 657
"C:/Users/iampi/Documents/Unreal Projects/VRTest/Content/LevelPrototyping/Textures/T_GridChecker_A.uexp" 658
"C:/Users/iampi/Documents/Unreal Projects/VRTest/Content/LevelPrototyping/Materials/MF_ProcGrid.uasset" 659
"C:/Users/iampi/Documents/Unreal Projects/VRTest/Content/LevelPrototyping/Materials/MF_ProcGrid.uexp" 660
"C:/Users/iampi/Documents/Unreal Projects/VRTest/Content/LevelPrototyping/Materials/M_PrototypeGrid.uasset" 661
"C:/Users/iampi/Documents/Unreal Projects/VRTest/Content/LevelPrototyping/Materials/M_PrototypeGrid.uexp" 662
"C:/Users/iampi/Documents/Unreal Projects/VRTest/Content/LevelPrototyping/Materials/MI_PrototypeGrid_Gray.uasset" 663
"C:/Users/iampi/Documents/Unreal Projects/VRTest/Content/LevelPrototyping/Materials/MI_PrototypeGrid_Gray.uexp" 664
"C:/Users/iampi/Documents/Unreal Projects/VRTest/Content/LevelPrototyping/Meshes/SM_Cube.uasset" 665
"C:/Users/iampi/Documents/Unreal Projects/VRTest/Content/LevelPrototyping/Meshes/SM_Cube.uexp" 666
"C:/Users/iampi/Documents/Unreal Projects/VRTest/Content/LevelPrototyping/Materials/M_Solid.uasset" 667
"C:/Users/iampi/Documents/Unreal Projects/VRTest/Content/LevelPrototyping/Materials/M_Solid.uexp" 668
"C:/Users/iampi/Documents/Unreal Projects/VRTest/Content/LevelPrototyping/Materials/MI_Solid_Blue.uasset" 669
"C:/Users/iampi/Documents/Unreal Projects/VRTest/Content/LevelPrototyping/Materials/MI_Solid_Blue.uexp" 670
"C:/Users/iampi/Documents/Unreal Projects/VRTest/Content/LevelPrototyping/Meshes/SM_ChamferCube.uasset" 671
"C:/Users/iampi/Documents/Unreal Projects/VRTest/Content/LevelPrototyping/Meshes/SM_ChamferCube.uexp" 672
"../../../Engine/Plugins/Runtime/OpenXR/Content/Devices/OculusTouch_v2/BaseTexture.ubulk" 673
"../../../Engine/Plugins/Runtime/OpenXR/Content/Devices/OculusTouch_v2/BaseTexture.uasset" 674
"../../../Engine/Plugins/Runtime/OpenXR/Content/Devices/OculusTouch_v2/BaseTexture.uexp" 675
"../../../Engine/Plugins/Runtime/OpenXR/Content/Devices/OculusTouch_v2/MRTexture.ubulk" 676
"../../../Engine/Plugins/Runtime/OpenXR/Content/Devices/OculusTouch_v2/MRTexture.uasset" 677
"../../../Engine/Plugins/Runtime/OpenXR/Content/Devices/OculusTouch_v2/MRTexture.uexp" 678
"../../../Engine/Plugins/Runtime/OpenXR/Content/Devices/OculusTouch_v2/MI_OculusTouch_v2.uasset" 679
"../../../Engine/Plugins/Runtime/OpenXR/Content/Devices/OculusTouch_v2/MI_OculusTouch_v2.uexp" 680
"../../../Engine/Plugins/Runtime/OpenXR/Content/Devices/OculusTouch_v2/Right/right_OculusTouch_v2Controller.uasset" 681
"../../../Engine/Plugins/Runtime/OpenXR/Content/Devices/OculusTouch_v2/Right/right_OculusTouch_v2Controller.uexp" 682
"../../../Engine/Plugins/Runtime/OpenXR/Content/Devices/OculusTouch_v2/Left/left_OculusTouch_v2Controller.uasset" 683
"../../../Engine/Plugins/Runtime/OpenXR/Content/Devices/OculusTouch_v2/Left/left_OculusTouch_v2Controller.uexp" 684
"../../../Engine/Plugins/FX/Niagara/Content/Enums/ENiagara_MassInitializationMode.uasset" 685
"../../../Engine/Plugins/FX/Niagara/Content/Enums/ENiagara_MassInitializationMode.uexp" 686
"../../../Engine/Plugins/FX/Niagara/Content/Enums/ENiagaraRandomnessMode.uasset" 687
"../../../Engine/Plugins/FX/Niagara/Content/Enums/ENiagaraRandomnessMode.uexp" 688
"../../../Engine/Plugins/FX/Niagara/Content/Enums/ENiagaraRandomnessEvaluation.uasset" 689
"../../../Engine/Plugins/FX/Niagara/Content/Enums/ENiagaraRandomnessEvaluation.uexp" 690
"../../../Engine/Plugins/FX/Niagara/Content/Functions/V2/CalculateRandomRangeInteger.uasset" 691
"../../../Engine/Plugins/FX/Niagara/Content/Functions/V2/CalculateRandomRangeInteger.uexp" 692
"../../../Engine/Plugins/FX/Niagara/Content/Enums/ENiagaraArraySamplingMode.uasset" 693
"../../../Engine/Plugins/FX/Niagara/Content/Enums/ENiagaraArraySamplingMode.uexp" 694
"../../../Engine/Plugins/FX/Niagara/Content/Enums/ENiagara_WrapClamp.uasset" 695
"../../../Engine/Plugins/FX/Niagara/Content/Enums/ENiagara_WrapClamp.uexp" 696
"../../../Engine/Plugins/FX/Niagara/Content/DynamicInputs/Arrays/SelectVectorFromArray.uasset" 697
"../../../Engine/Plugins/FX/Niagara/Content/DynamicInputs/Arrays/SelectVectorFromArray.uexp" 698
"../../../Engine/Plugins/FX/Niagara/Content/Enums/ENiagara_PositionInitializationMode.uasset" 699
"../../../Engine/Plugins/FX/Niagara/Content/Enums/ENiagara_PositionInitializationMode.uexp" 700
"../../../Engine/Plugins/FX/Niagara/Content/DynamicInputs/Multiply/Multiply_VectorByFloat.uasset" 701
"../../../Engine/Plugins/FX/Niagara/Content/DynamicInputs/Multiply/Multiply_VectorByFloat.uexp" 702
"../../../Engine/Plugins/FX/Niagara/Content/DynamicInputs/Execution/ReturnExecIndex.uasset" 703
"../../../Engine/Plugins/FX/Niagara/Content/DynamicInputs/Execution/ReturnExecIndex.uexp" 704
"../../../Engine/Plugins/FX/Niagara/Content/Functions/NormalizedExecutionIndex.uasset" 705
"../../../Engine/Plugins/FX/Niagara/Content/Functions/NormalizedExecutionIndex.uexp" 706
"../../../Engine/Plugins/FX/Niagara/Content/DynamicInputs/Execution/ReturnNormalizedExecIndex.uasset" 707
"../../../Engine/Plugins/FX/Niagara/Content/DynamicInputs/Execution/ReturnNormalizedExecIndex.uexp" 708
"../../../Engine/Plugins/FX/Niagara/Content/Enums/ENiagara_LifetimeMode.uasset" 709
"../../../Engine/Plugins/FX/Niagara/Content/Enums/ENiagara_LifetimeMode.uexp" 710
"../../../Engine/Plugins/FX/Niagara/Content/Enums/ENiagaraEmitterLifeCycleMode.uasset" 711
"../../../Engine/Plugins/FX/Niagara/Content/Enums/ENiagaraEmitterLifeCycleMode.uexp" 712
"../../../Engine/Plugins/FX/Niagara/Content/Functions/Emitter/EmitterChangeState.uasset" 713
"../../../Engine/Plugins/FX/Niagara/Content/Functions/Emitter/EmitterChangeState.uexp" 714
"../../../Engine/Plugins/FX/Niagara/Content/Enums/ENiagara_InfiniteLoopDuration.uasset" 715
"../../../Engine/Plugins/FX/Niagara/Content/Enums/ENiagara_InfiniteLoopDuration.uexp" 716
"../../../Engine/Plugins/FX/Niagara/Content/Enums/ENiagara_EmitterStateOptions.uasset" 717
"../../../Engine/Plugins/FX/Niagara/Content/Enums/ENiagara_EmitterStateOptions.uexp" 718
"../../../Engine/Plugins/FX/Niagara/Content/Enums/ENiagaraInactiveMode.uasset" 719
"../../../Engine/Plugins/FX/Niagara/Content/Enums/ENiagaraInactiveMode.uexp" 720
"../../../Engine/Plugins/FX/Niagara/Content/Enums/ENiagaraExecutionStateManagement.uasset" 721
"../../../Engine/Plugins/FX/Niagara/Content/Enums/ENiagaraExecutionStateManagement.uexp" 722
"../../../Engine/Plugins/FX/Niagara/Content/Enums/ENiagaraEmitterScalabilityMode_Limited.uasset" 723
"../../../Engine/Plugins/FX/Niagara/Content/Enums/ENiagaraEmitterScalabilityMode_Limited.uexp" 724
"../../../Engine/Plugins/FX/Niagara/Content/Modules/Emitter/EmitterState.uasset" 725
"../../../Engine/Plugins/FX/Niagara/Content/Modules/Emitter/EmitterState.uexp" 726
"../../../Engine/Plugins/FX/Niagara/Content/Functions/V2/CalculateRandomRangeFloat.uasset" 727
"../../../Engine/Plugins/FX/Niagara/Content/Functions/V2/CalculateRandomRangeFloat.uexp" 728
"../../../Engine/Plugins/FX/Niagara/Content/Modules/Emitter/SpawnBurst_Instantaneous.uasset" 729
"../../../Engine/Plugins/FX/Niagara/Content/Modules/Emitter/SpawnBurst_Instantaneous.uexp" 730
"../../../Engine/Plugins/FX/Niagara/Content/DynamicInputs/Multiply/Multiply_Vector.uasset" 731
"../../../Engine/Plugins/FX/Niagara/Content/DynamicInputs/Multiply/Multiply_Vector.uexp" 732
"../../../Engine/Plugins/FX/Niagara/Content/Functions/GetRandomInfo.uasset" 733
"../../../Engine/Plugins/FX/Niagara/Content/Functions/GetRandomInfo.uexp" 734
"../../../Engine/Plugins/FX/Niagara/Content/Functions/RandomRangeFloat.uasset" 735
"../../../Engine/Plugins/FX/Niagara/Content/Functions/RandomRangeFloat.uexp" 736
"../../../Engine/Plugins/FX/Niagara/Content/Functions/Localspace/SimulationPosition.uasset" 737
"../../../Engine/Plugins/FX/Niagara/Content/Functions/Localspace/SimulationPosition.uexp" 738
"../../../Engine/Plugins/FX/Niagara/Content/Functions/Localspace/TransformBase.uasset" 739
"../../../Engine/Plugins/FX/Niagara/Content/Functions/Localspace/TransformBase.uexp" 740
"../../../Engine/Plugins/FX/Niagara/Content/Functions/Localspace/TransformVector.uasset" 741
"../../../Engine/Plugins/FX/Niagara/Content/Functions/Localspace/TransformVector.uexp" 742
"../../../Engine/Plugins/FX/Niagara/Content/Functions/V2/CalculateRandomRange.uasset" 743
"../../../Engine/Plugins/FX/Niagara/Content/Functions/V2/CalculateRandomRange.uexp" 744
"../../../Engine/Plugins/FX/Niagara/Content/Enums/Ribbons/ENiagara_UnsetDirectSet.uasset" 745
"../../../Engine/Plugins/FX/Niagara/Content/Enums/Ribbons/ENiagara_UnsetDirectSet.uexp" 746
"../../../Engine/Plugins/FX/Niagara/Content/Enums/ENiagara_ColorInitializationMode.uasset" 747
"../../../Engine/Plugins/FX/Niagara/Content/Enums/ENiagara_ColorInitializationMode.uexp" 748
"../../../Engine/Plugins/FX/Niagara/Content/Functions/LinearColor/HueShiftLinearColor.uasset" 749
"../../../Engine/Plugins/FX/Niagara/Content/Functions/LinearColor/HueShiftLinearColor.uexp" 750
"../../../Engine/Plugins/FX/Niagara/Content/Enums/ENiagaraChannelCorrelation.uasset" 751
"../../../Engine/Plugins/FX/Niagara/Content/Enums/ENiagaraChannelCorrelation.uexp" 752
"../../../Engine/Plugins/FX/Niagara/Content/Modules/Spawn/Initialization/InitializeRibbon.uasset" 753
"../../../Engine/Plugins/FX/Niagara/Content/Modules/Spawn/Initialization/InitializeRibbon.uexp" 754
"../../../Engine/Plugins/FX/Niagara/Content/Enums/ENiagaraSystemInactiveMode.uasset" 755
"../../../Engine/Plugins/FX/Niagara/Content/Enums/ENiagaraSystemInactiveMode.uexp" 756
"../../../Engine/Plugins/FX/Niagara/Content/Functions/System/SystemChangeState.uasset" 757
"../../../Engine/Plugins/FX/Niagara/Content/Functions/System/SystemChangeState.uexp" 758
"../../../Engine/Plugins/FX/Niagara/Content/Modules/System/SystemState.uasset" 759
"../../../Engine/Plugins/FX/Niagara/Content/Modules/System/SystemState.uexp" 760
"C:/Users/iampi/Documents/Unreal Projects/VRTest/Content/VRTemplate/VFX/NPC_VRTemplate.uasset" 761
"C:/Users/iampi/Documents/Unreal Projects/VRTest/Content/VRTemplate/VFX/NPC_VRTemplate.uexp" 762
"../../../Engine/Content/EngineMaterials/Good64x64TilingNoiseHighFreq.uasset" 763
"../../../Engine/Content/EngineMaterials/Good64x64TilingNoiseHighFreq.uexp" 764
"../../../Engine/Content/Functions/Engine_MaterialFunctions02/Utility/DepthFromWorldPosition.uasset" 765
"../../../Engine/Content/Functions/Engine_MaterialFunctions02/Utility/DepthFromWorldPosition.uexp" 766
"C:/Users/iampi/Documents/Unreal Projects/VRTest/Content/VRTemplate/Materials/Functions/MF_OccludedPixels.uasset" 767
"C:/Users/iampi/Documents/Unreal Projects/VRTest/Content/VRTemplate/Materials/Functions/MF_OccludedPixels.uexp" 768
"C:/Users/iampi/Documents/Unreal Projects/VRTest/Content/VRTemplate/Materials/M_TeleportNoise.uasset" 769
"C:/Users/iampi/Documents/Unreal Projects/VRTest/Content/VRTemplate/Materials/M_TeleportNoise.uexp" 770
"../../../Engine/Plugins/FX/Niagara/Content/Functions/Math/SaturateFloat.uasset" 771
"../../../Engine/Plugins/FX/Niagara/Content/Functions/Math/SaturateFloat.uexp" 772
"../../../Engine/Plugins/FX/Niagara/Content/Icons/Modules/T_Icon_Particle_InfiniteLife.uasset" 773
"../../../Engine/Plugins/FX/Niagara/Content/Icons/Modules/T_Icon_Particle_InfiniteLife.uexp" 774
"../../../Engine/Plugins/FX/Niagara/Content/Modules/Update/Lifetime/ParticleState.uasset" 775
"../../../Engine/Plugins/FX/Niagara/Content/Modules/Update/Lifetime/ParticleState.uexp" 776
"C:/Users/iampi/Documents/Unreal Projects/VRTest/Content/VRTemplate/VFX/NS_PlayAreaBounds.uasset" 777
"C:/Users/iampi/Documents/Unreal Projects/VRTest/Content/VRTemplate/VFX/NS_PlayAreaBounds.uexp" 778
"../../../Engine/Plugins/FX/Niagara/Content/Enums/ENiagaraTorusDistributionMode.uasset" 779
"../../../Engine/Plugins/FX/Niagara/Content/Enums/ENiagaraTorusDistributionMode.uexp" 780
"../../../Engine/Plugins/FX/Niagara/Content/Enums/ENiagaraTorusMode.uasset" 781
"../../../Engine/Plugins/FX/Niagara/Content/Enums/ENiagaraTorusMode.uexp" 782
"../../../Engine/Plugins/FX/Niagara/Content/Enums/ENiagara_SizeScaleMode.uasset" 783
"../../../Engine/Plugins/FX/Niagara/Content/Enums/ENiagara_SizeScaleMode.uexp" 784
"../../../Engine/Plugins/FX/Niagara/Content/Enums/ENiagara_UVFlippingMode.uasset" 785
"../../../Engine/Plugins/FX/Niagara/Content/Enums/ENiagara_UVFlippingMode.uexp" 786
"../../../Engine/Plugins/FX/Niagara/Content/Enums/Ribbons/ENiagara_UnsetDirectSetRandom.uasset" 787
"../../../Engine/Plugins/FX/Niagara/Content/Enums/Ribbons/ENiagara_UnsetDirectSetRandom.uexp" 788
"../../../Engine/Plugins/FX/Niagara/Content/Functions/V2/CalculateRandomBool.uasset" 789
"../../../Engine/Plugins/FX/Niagara/Content/Functions/V2/CalculateRandomBool.uexp" 790
"../../../Engine/Plugins/FX/Niagara/Content/Enums/ENiagara_SpriteRotationMode.uasset" 791
"../../../Engine/Plugins/FX/Niagara/Content/Enums/ENiagara_SpriteRotationMode.uexp" 792
"../../../Engine/Plugins/FX/Niagara/Content/Modules/Spawn/Initialization/V2/InitializeParticle.uasset" 793
"../../../Engine/Plugins/FX/Niagara/Content/Modules/Spawn/Initialization/V2/InitializeParticle.uexp" 794
"C:/Users/iampi/Documents/Unreal Projects/VRTest/Content/VRTemplate/Materials/M_TeleportCylinder.uasset" 795
"C:/Users/iampi/Documents/Unreal Projects/VRTest/Content/VRTemplate/Materials/M_TeleportCylinder.uexp" 796
"../../../Engine/Content/BasicShapes/Cylinder.uasset" 797
"../../../Engine/Content/BasicShapes/Cylinder.uexp" 798
"../../../Engine/Plugins/FX/Niagara/Content/Functions/DirectionAndLengthSafe.uasset" 799
"../../../Engine/Plugins/FX/Niagara/Content/Functions/DirectionAndLengthSafe.uexp" 800
"../../../Engine/Plugins/FX/Niagara/Content/Functions/Rotation/MultiplyVectorWithQuaternion.uasset" 801
"../../../Engine/Plugins/FX/Niagara/Content/Functions/Rotation/MultiplyVectorWithQuaternion.uexp" 802
"../../../Engine/Plugins/FX/Niagara/Content/Functions/Rotation/MultiplyQuaternion.uasset" 803
"../../../Engine/Plugins/FX/Niagara/Content/Functions/Rotation/MultiplyQuaternion.uexp" 804
"../../../Engine/Plugins/FX/Niagara/Content/Functions/Rotation/FindQuatBetween.uasset" 805
"../../../Engine/Plugins/FX/Niagara/Content/Functions/Rotation/FindQuatBetween.uexp" 806
"../../../Engine/Plugins/FX/Niagara/Content/Functions/RandomRange.uasset" 807
"../../../Engine/Plugins/FX/Niagara/Content/Functions/RandomRange.uexp" 808
"../../../Engine/Plugins/FX/Niagara/Content/Enums/ENiagaraVector4_Channels.uasset" 809
"../../../Engine/Plugins/FX/Niagara/Content/Enums/ENiagaraVector4_Channels.uexp" 810
"../../../Engine/Plugins/FX/Niagara/Content/Functions/ChannelMasks/SelectV4Channel.uasset" 811
"../../../Engine/Plugins/FX/Niagara/Content/Functions/ChannelMasks/SelectV4Channel.uexp" 812
"../../../Engine/Plugins/FX/Niagara/Content/Functions/Localspace/PositionToVector.uasset" 813
"../../../Engine/Plugins/FX/Niagara/Content/Functions/Localspace/PositionToVector.uexp" 814
"../../../Engine/Plugins/FX/Niagara/Content/Functions/ParametricTorusKnot.uasset" 815
"../../../Engine/Plugins/FX/Niagara/Content/Functions/ParametricTorusKnot.uexp" 816
"../../../Engine/Plugins/FX/Niagara/Content/Functions/PolarToCartesianCoordinates.uasset" 817
"../../../Engine/Plugins/FX/Niagara/Content/Functions/PolarToCartesianCoordinates.uexp" 818
"../../../Engine/Plugins/FX/Niagara/Content/Functions/ParametricTorus.uasset" 819
"../../../Engine/Plugins/FX/Niagara/Content/Functions/ParametricTorus.uexp" 820
"../../../Engine/Plugins/FX/Niagara/Content/Functions/Rotation/AxisAngleToQuaternion.uasset" 821
"../../../Engine/Plugins/FX/Niagara/Content/Functions/Rotation/AxisAngleToQuaternion.uexp" 822
"../../../Engine/Plugins/FX/Niagara/Content/Modules/Spawn/Location/TorusLocation.uasset" 823
"../../../Engine/Plugins/FX/Niagara/Content/Modules/Spawn/Location/TorusLocation.uexp" 824
"C:/Users/iampi/Documents/Unreal Projects/VRTest/Content/VRTemplate/VFX/NS_TeleportRing.uasset" 825
"C:/Users/iampi/Documents/Unreal Projects/VRTest/Content/VRTemplate/VFX/NS_TeleportRing.uexp" 826
"C:/Users/iampi/Documents/Unreal Projects/VRTest/Content/VRTemplate/Blueprints/VRTeleportVisualizer.uasset" 827
"C:/Users/iampi/Documents/Unreal Projects/VRTest/Content/VRTemplate/Blueprints/VRTeleportVisualizer.uexp" 828
"../../../Engine/Plugins/FX/Niagara/Content/DynamicInputs/Helpers/SimulationPosition.uasset" 829
"../../../Engine/Plugins/FX/Niagara/Content/DynamicInputs/Helpers/SimulationPosition.uexp" 830
"../../../Engine/Plugins/FX/Niagara/Content/Functions/Localspace/TransformPosition.uasset" 831
"../../../Engine/Plugins/FX/Niagara/Content/Functions/Localspace/TransformPosition.uexp" 832
"../../../Engine/Plugins/FX/Niagara/Content/Modules/Beams/BeamEmitterSetup.uasset" 833
"../../../Engine/Plugins/FX/Niagara/Content/Modules/Beams/BeamEmitterSetup.uexp" 834
"../../../Engine/Plugins/FX/Niagara/Content/Modules/Spawn/Initialization/InitializeParticle.uasset" 835
"../../../Engine/Plugins/FX/Niagara/Content/Modules/Spawn/Initialization/InitializeParticle.uexp" 836
"../../../Engine/Plugins/FX/Niagara/Content/Icons/Modules/T_Icon_Solver_LimitSpeed.uasset" 837
"../../../Engine/Plugins/FX/Niagara/Content/Icons/Modules/T_Icon_Solver_LimitSpeed.uexp" 838
"../../../Engine/Plugins/FX/Niagara/Content/Modules/Solvers/ApplyRotationVector.uasset" 839
"../../../Engine/Plugins/FX/Niagara/Content/Modules/Solvers/ApplyRotationVector.uexp" 840
"../../../Engine/Plugins/FX/Niagara/Content/Icons/Modules/T_Icon_Solver_RotationalSolve.uasset" 841
"../../../Engine/Plugins/FX/Niagara/Content/Icons/Modules/T_Icon_Solver_RotationalSolve.uexp" 842
"../../../Engine/Plugins/FX/Niagara/Content/Icons/Modules/T_Icon_Solver_LimitAccel.uasset" 843
"../../../Engine/Plugins/FX/Niagara/Content/Icons/Modules/T_Icon_Solver_LimitAccel.uexp" 844
"../../../Engine/Plugins/FX/Niagara/Content/Modules/Solvers/SolveForcesAndVelocity.uasset" 845
"../../../Engine/Plugins/FX/Niagara/Content/Modules/Solvers/SolveForcesAndVelocity.uexp" 846
"../../../Engine/Plugins/FX/Niagara/Content/Functions/Spline/FindPositionOnBezierSpline.uasset" 847
"../../../Engine/Plugins/FX/Niagara/Content/Functions/Spline/FindPositionOnBezierSpline.uexp" 848
"../../../Engine/Plugins/FX/Niagara/Content/Modules/Beams/SpawnBeam.uasset" 849
"../../../Engine/Plugins/FX/Niagara/Content/Modules/Beams/SpawnBeam.uexp" 850
"../../../Engine/Plugins/FX/Niagara/Content/Modules/Beams/BeamWidth.uasset" 851
"../../../Engine/Plugins/FX/Niagara/Content/Modules/Beams/BeamWidth.uexp" 852
"C:/Users/iampi/Documents/Unreal Projects/VRTest/Content/VRTemplate/Materials/DefaultRibbonMaterial_NoGradient.uasset" 853
"C:/Users/iampi/Documents/Unreal Projects/VRTest/Content/VRTemplate/Materials/DefaultRibbonMaterial_NoGradient.uexp" 854
"../../../Engine/Plugins/FX/Niagara/Content/DynamicInputs/ValueFromCurve/FloatFromCurve.uasset" 855
"../../../Engine/Plugins/FX/Niagara/Content/DynamicInputs/ValueFromCurve/FloatFromCurve.uexp" 856
"../../../Engine/Plugins/FX/Niagara/Content/Modules/Update/Color/Color.uasset" 857
"../../../Engine/Plugins/FX/Niagara/Content/Modules/Update/Color/Color.uexp" 858
"../../../Engine/Plugins/FX/Niagara/Content/DynamicInputs/ValueFromCurve/ColorFromCurve.uasset" 859
"../../../Engine/Plugins/FX/Niagara/Content/DynamicInputs/ValueFromCurve/ColorFromCurve.uexp" 860
"C:/Users/iampi/Documents/Unreal Projects/VRTest/Content/VRTemplate/VFX/NS_TeleportTrace.uasset" 861
"C:/Users/iampi/Documents/Unreal Projects/VRTest/Content/VRTemplate/VFX/NS_TeleportTrace.uexp" 862
"../../../Engine/Content/VREditor/Devices/Generic/GenericHMDMaterial.uasset" 863
"../../../Engine/Content/VREditor/Devices/Generic/GenericHMDMaterial.uexp" 864
"../../../Engine/Content/VREditor/Devices/Generic/GenericHMD.uasset" 865
"../../../Engine/Content/VREditor/Devices/Generic/GenericHMD.uexp" 866
"C:/Users/iampi/Documents/Unreal Projects/VRTest/Content/VRTemplate/VFX/NS_MenuLaser.uasset" 867
"C:/Users/iampi/Documents/Unreal Projects/VRTest/Content/VRTemplate/VFX/NS_MenuLaser.uexp" 868
"C:/Users/iampi/Documents/Unreal Projects/VRTest/Content/VRTemplate/Blueprints/WidgetMenu.uasset" 869
"C:/Users/iampi/Documents/Unreal Projects/VRTest/Content/VRTemplate/Blueprints/WidgetMenu.uexp" 870
"../../../Engine/Content/BasicShapes/Sphere.uasset" 871
"../../../Engine/Content/BasicShapes/Sphere.uexp" 872
"C:/Users/iampi/Documents/Unreal Projects/VRTest/Content/VRTemplate/Materials/M_VRCursor.uasset" 873
"C:/Users/iampi/Documents/Unreal Projects/VRTest/Content/VRTemplate/Materials/M_VRCursor.uexp" 874
"C:/Users/iampi/Documents/Unreal Projects/VRTest/Content/VRTemplate/Blueprints/Menu.uasset" 875
"C:/Users/iampi/Documents/Unreal Projects/VRTest/Content/VRTemplate/Blueprints/Menu.uexp" 876
"C:/Users/iampi/Documents/Unreal Projects/VRTest/Content/VRTemplate/Blueprints/VRPawn.uasset" 877
"C:/Users/iampi/Documents/Unreal Projects/VRTest/Content/VRTemplate/Blueprints/VRPawn.uexp" 878
"C:/Users/iampi/Documents/Unreal Projects/VRTest/Content/VRTemplate/Blueprints/VRGameMode.uasset" 879
"C:/Users/iampi/Documents/Unreal Projects/VRTest/Content/VRTemplate/Blueprints/VRGameMode.uexp" 880
"../../../Engine/Content/BasicShapes/BasicShapeMaterial.uasset" 881
"../../../Engine/Content/BasicShapes/BasicShapeMaterial.uexp" 882
"../../../Engine/Content/VREditor/BasicMeshes/MI_Ball_01.uasset" 883
"../../../Engine/Content/VREditor/BasicMeshes/MI_Ball_01.uexp" 884
"../../../Engine/Content/VREditor/BasicMeshes/SM_Ball_01.uasset" 885
"../../../Engine/Content/VREditor/BasicMeshes/SM_Ball_01.uexp" 886
"C:/Users/iampi/Documents/Unreal Projects/VRTest/Content/VRTemplate/Audio/Fire01.ubulk" 887
"C:/Users/iampi/Documents/Unreal Projects/VRTest/Content/VRTemplate/Audio/Fire01.uasset" 888
"C:/Users/iampi/Documents/Unreal Projects/VRTest/Content/VRTemplate/Audio/Fire01.uexp" 889
"C:/Users/iampi/Documents/Unreal Projects/VRTest/Content/VRTemplate/Audio/Fire_Cue.uasset" 890
"C:/Users/iampi/Documents/Unreal Projects/VRTest/Content/VRTemplate/Audio/Fire_Cue.uexp" 891
"C:/Users/iampi/Documents/Unreal Projects/VRTest/Content/FPWeapon/Mesh/SK_FPGun_Skeleton.uasset" 892
"C:/Users/iampi/Documents/Unreal Projects/VRTest/Content/FPWeapon/Mesh/SK_FPGun_Skeleton.uexp" 893
"C:/Users/iampi/Documents/Unreal Projects/VRTest/Content/FPWeapon/Materials/MaterialLayers/T_ML_Rubber_Blue_01_D.ubulk" 894
"C:/Users/iampi/Documents/Unreal Projects/VRTest/Content/FPWeapon/Materials/MaterialLayers/T_ML_Rubber_Blue_01_D.uasset" 895
"C:/Users/iampi/Documents/Unreal Projects/VRTest/Content/FPWeapon/Materials/MaterialLayers/T_ML_Rubber_Blue_01_D.uexp" 896
"C:/Users/iampi/Documents/Unreal Projects/VRTest/Content/FPWeapon/Textures/T_FPGun_N.ubulk" 897
"C:/Users/iampi/Documents/Unreal Projects/VRTest/Content/FPWeapon/Textures/T_FPGun_N.uasset" 898
"C:/Users/iampi/Documents/Unreal Projects/VRTest/Content/FPWeapon/Textures/T_FPGun_N.uexp" 899
"../../../Engine/Content/Functions/Engine_MaterialFunctions02/Utility/BlendAngleCorrectedNormals.uasset" 900
"../../../Engine/Content/Functions/Engine_MaterialFunctions02/Utility/BlendAngleCorrectedNormals.uexp" 901
"../../../Engine/Content/Functions/MaterialLayerFunctions/MatLayerBlend_NormalBlend.uasset" 902
"../../../Engine/Content/Functions/MaterialLayerFunctions/MatLayerBlend_NormalBlend.uexp" 903
"C:/Users/iampi/Documents/Unreal Projects/VRTest/Content/FPWeapon/Materials/MaterialLayers/T_ML_Rubber_Blue_01_N.ubulk" 904
"C:/Users/iampi/Documents/Unreal Projects/VRTest/Content/FPWeapon/Materials/MaterialLayers/T_ML_Rubber_Blue_01_N.uasset" 905
"C:/Users/iampi/Documents/Unreal Projects/VRTest/Content/FPWeapon/Materials/MaterialLayers/T_ML_Rubber_Blue_01_N.uexp" 906
"C:/Users/iampi/Documents/Unreal Projects/VRTest/Content/FPWeapon/Materials/MaterialLayers/ML_Screen.uasset" 907
"C:/Users/iampi/Documents/Unreal Projects/VRTest/Content/FPWeapon/Materials/MaterialLayers/ML_Screen.uexp" 908
"C:/Users/iampi/Documents/Unreal Projects/VRTest/Content/FPWeapon/Materials/MaterialLayers/T_ML_Aluminum01_N.ubulk" 909
"C:/Users/iampi/Documents/Unreal Projects/VRTest/Content/FPWeapon/Materials/MaterialLayers/T_ML_Aluminum01_N.uasset" 910
"C:/Users/iampi/Documents/Unreal Projects/VRTest/Content/FPWeapon/Materials/MaterialLayers/T_ML_Aluminum01_N.uexp" 911
"C:/Users/iampi/Documents/Unreal Projects/VRTest/Content/FPWeapon/Materials/MaterialLayers/T_ML_Aluminum01.ubulk" 912
"C:/Users/iampi/Documents/Unreal Projects/VRTest/Content/FPWeapon/Materials/MaterialLayers/T_ML_Aluminum01.uasset" 913
"C:/Users/iampi/Documents/Unreal Projects/VRTest/Content/FPWeapon/Materials/MaterialLayers/T_ML_Aluminum01.uexp" 914
"C:/Users/iampi/Documents/Unreal Projects/VRTest/Content/FPWeapon/Materials/MaterialLayers/ML_SoftMetal_UE4.uasset" 915
"C:/Users/iampi/Documents/Unreal Projects/VRTest/Content/FPWeapon/Materials/MaterialLayers/ML_SoftMetal_UE4.uexp" 916
"../../../Engine/Content/Functions/MaterialLayerFunctions/MatLayerBlend_Simple.uasset" 917
"../../../Engine/Content/Functions/MaterialLayerFunctions/MatLayerBlend_Simple.uexp" 918
"C:/Users/iampi/Documents/Unreal Projects/VRTest/Content/FPWeapon/Textures/T_FPGun_M.ubulk" 919
"C:/Users/iampi/Documents/Unreal Projects/VRTest/Content/FPWeapon/Textures/T_FPGun_M.uasset" 920
"C:/Users/iampi/Documents/Unreal Projects/VRTest/Content/FPWeapon/Textures/T_FPGun_M.uexp" 921
"C:/Users/iampi/Documents/Unreal Projects/VRTest/Content/FPWeapon/Materials/MaterialLayers/ML_Plastic_Shiny_Beige.uasset" 922
"C:/Users/iampi/Documents/Unreal Projects/VRTest/Content/FPWeapon/Materials/MaterialLayers/ML_Plastic_Shiny_Beige.uexp" 923
"C:/Users/iampi/Documents/Unreal Projects/VRTest/Content/FPWeapon/Materials/MaterialLayers/ML_GlossyBlack_Latex_UE4.uasset" 924
"C:/Users/iampi/Documents/Unreal Projects/VRTest/Content/FPWeapon/Materials/MaterialLayers/ML_GlossyBlack_Latex_UE4.uexp" 925
"C:/Users/iampi/Documents/Unreal Projects/VRTest/Content/FPWeapon/Materials/M_FPGun.uasset" 926
"C:/Users/iampi/Documents/Unreal Projects/VRTest/Content/FPWeapon/Materials/M_FPGun.uexp" 927
"C:/Users/iampi/Documents/Unreal Projects/VRTest/Content/FPWeapon/Mesh/SK_FPGun_Physics.uasset" 928
"C:/Users/iampi/Documents/Unreal Projects/VRTest/Content/FPWeapon/Mesh/SK_FPGun_Physics.uexp" 929
"C:/Users/iampi/Documents/Unreal Projects/VRTest/Content/FPWeapon/Mesh/SK_FPGun.uasset" 930
"C:/Users/iampi/Documents/Unreal Projects/VRTest/Content/FPWeapon/Mesh/SK_FPGun.uexp" 931
"C:/Users/iampi/Documents/Unreal Projects/VRTest/Content/VRTemplate/Haptics/PistolFireHapticEffect.uasset" 932
"C:/Users/iampi/Documents/Unreal Projects/VRTest/Content/VRTemplate/Haptics/PistolFireHapticEffect.uexp" 933
"C:/Users/iampi/Documents/Unreal Projects/VRTest/Content/VRTemplate/Materials/M_Projectile.uasset" 934
"C:/Users/iampi/Documents/Unreal Projects/VRTest/Content/VRTemplate/Materials/M_Projectile.uexp" 935
"C:/Users/iampi/Documents/Unreal Projects/VRTest/Content/VRTemplate/Materials/MI_Projectile.uasset" 936
"C:/Users/iampi/Documents/Unreal Projects/VRTest/Content/VRTemplate/Materials/MI_Projectile.uexp" 937
"C:/Users/iampi/Documents/Unreal Projects/VRTest/Content/VRTemplate/Blueprints/Projectile.uasset" 938
"C:/Users/iampi/Documents/Unreal Projects/VRTest/Content/VRTemplate/Blueprints/Projectile.uexp" 939
"C:/Users/iampi/Documents/Unreal Projects/VRTest/Content/VRTemplate/Blueprints/Pistol.uasset" 940
"C:/Users/iampi/Documents/Unreal Projects/VRTest/Content/VRTemplate/Blueprints/Pistol.uexp" 941
"C:/Users/iampi/Documents/Unreal Projects/VRTest/Content/VRSpectator/RT_VRSpectator.uasset" 942
"C:/Users/iampi/Documents/Unreal Projects/VRTest/Content/VRSpectator/RT_VRSpectator.uexp" 943
"../../../Engine/Content/EditorResources/MatineeCam_D.uasset" 944
"../../../Engine/Content/EditorResources/MatineeCam_D.uexp" 945
"../../../Engine/Content/EditorMaterials/MatineeCam_mat.uasset" 946
"../../../Engine/Content/EditorMaterials/MatineeCam_mat.uexp" 947
"../../../Engine/Content/EditorMeshes/MatineeCam_SM.uasset" 948
"../../../Engine/Content/EditorMeshes/MatineeCam_SM.uexp" 949
"C:/Users/iampi/Documents/Unreal Projects/VRTest/Content/VRSpectator/EVRSpectatorMode.uasset" 950
"C:/Users/iampi/Documents/Unreal Projects/VRTest/Content/VRSpectator/EVRSpectatorMode.uexp" 951
"C:/Users/iampi/Documents/Unreal Projects/VRTest/Content/VRSpectator/VRSpectator.uasset" 952
"C:/Users/iampi/Documents/Unreal Projects/VRTest/Content/VRSpectator/VRSpectator.uexp" 953
"C:/Users/iampi/Documents/Unreal Projects/VRTest/Content/VRTemplate/Maps/VRTemplateMap_BuiltData.ubulk" 954
"C:/Users/iampi/Documents/Unreal Projects/VRTest/Content/VRTemplate/Maps/VRTemplateMap_BuiltData.uasset" 955
"C:/Users/iampi/Documents/Unreal Projects/VRTest/Content/VRTemplate/Maps/VRTemplateMap_BuiltData.uexp" 956
"C:/Users/iampi/Documents/Unreal Projects/VRTest/Content/VRTemplate/Maps/VRTemplateMap.uexp" 957
"C:/Users/iampi/Documents/Unreal Projects/VRTest/Content/VRTemplate/Maps/VRTemplateMap.umap" 958
"../../../Engine/Content/Maps/Entry_BuiltData.uasset" 959
"../../../Engine/Content/Maps/Entry_BuiltData.uexp" 960
"../../../Engine/Content/Maps/Entry.uexp" 961
"../../../Engine/Content/Maps/Entry.umap" 962
